<?xml version="1.0" encoding="UTF-8"?>
<testsuite xmlns:xsi="http://www.w3.org/2001/XMLSchema-instance" xsi:noNamespaceSchemaLocation="https://maven.apache.org/surefire/maven-surefire-plugin/xsd/surefire-test-report-3.0.xsd" version="3.0" name="testrunner.runners" time="15.451" tests="17" errors="0" skipped="0" failures="9">
  <properties>
[...]
</properties>
  <testcase name="runScenario[&quot;F01 | Create and retrieve a booking&quot;, &quot;Booking API&quot;](1)" classname="testrunner.runners" time="4.61">
    <system-out><![CDATA[
@api
Scenario Outline: F01 | Create and retrieve a booking                                                                                                                               &amp#27;[90m# src/main/resources/features/F01_createBookingAndVerify.feature:10&amp#27;[0m
Request method:	POST
Request URI:	http://restful-booker.herokuapp.com/booking
Proxy:			<none>
Request params:	<none>
Query params:	<none>
Form params:	<none>
Path params:	<none>
Headers:		Accept=*/*
				Content-Type=application/json
Cookies:		<none>
Multiparts:		<none>
Body:
{
    "firstname": "John",
    "additionalneeds": "Breakfast",
    "bookingdates": {
        "checkin": "2020-01-01",
        "checkout": "2020-01-02"
    },
    "totalprice": "100",
    "depositpaid": true,
    "lastname": "Doe"
}
HTTP/1.1 200 OK
Server: Cowboy
Connection: keep-alive
X-Powered-By: Express
Content-Type: application/json; charset=utf-8
Content-Length: 196
Etag: W/"c4-3jCkj0ejSRbP+gagR5MgDBa5moY"
Date: Wed, 01 Feb 2023 22:16:03 GMT
Via: 1.1 vegur

{
    "bookingid": 4895,
    "booking": {
        "firstname": "John",
        "lastname": "Doe",
        "totalprice": 100,
        "depositpaid": true,
        "bookingdates": {
            "checkin": "2020-01-01",
            "checkout": "2020-01-02"
        },
        "additionalneeds": "Breakfast"
    }
}
  &amp#27;[32mGiven &amp#27;[0m&amp#27;[32mI create a booking with first name &amp#27;[0m&amp#27;[32m&amp#27;[1m"John"&amp#27;[0m&amp#27;[32m, last name &amp#27;[0m&amp#27;[32m&amp#27;[1m"Doe"&amp#27;[0m&amp#27;[32m, total price &amp#27;[0m&amp#27;[32m&amp#27;[1m"100"&amp#27;[0m&amp#27;[32m, deposit paid &amp#27;[0m&amp#27;[32m&amp#27;[1m"true"&amp#27;[0m&amp#27;[32m, check-in &amp#27;[0m&amp#27;[32m&amp#27;[1m"2020-01-01"&amp#27;[0m&amp#27;[32m, check-out &amp#27;[0m&amp#27;[32m&amp#27;[1m"2020-01-02"&amp#27;[0m&amp#27;[32m, &amp#27;[0m&amp#27;[32m&amp#27;[1m"Breakfast"&amp#27;[0m&amp#27;[32m successfully&amp#27;[0m &amp#27;[90m# stepDef.D01_createBookingAndVerify.CreateBookingInfo(java.lang.String,java.lang.String,java.lang.String,java.lang.String,java.lang.String,java.lang.String,java.lang.String)&amp#27;[0m
Request method:	GET
Request URI:	http://restful-booker.herokuapp.com/booking/4895
Proxy:			<none>
Request params:	<none>
Query params:	<none>
Form params:	<none>
Path params:	<none>
Headers:		Accept=*/*
Cookies:		<none>
Multiparts:		<none>
Body:			<none>
HTTP/1.1 200 OK
Server: Cowboy
Connection: keep-alive
X-Powered-By: Express
Content-Type: application/json; charset=utf-8
Content-Length: 167
Etag: W/"a7-jhD52OjITaIrLUhl/UKCIPLtha8"
Date: Wed, 01 Feb 2023 22:16:04 GMT
Via: 1.1 vegur

{
    "firstname": "John",
    "lastname": "Doe",
    "totalprice": 100,
    "depositpaid": true,
    "bookingdates": {
        "checkin": "2020-01-01",
        "checkout": "2020-01-02"
    },
    "additionalneeds": "Breakfast"
}
  &amp#27;[32mAnd &amp#27;[0m&amp#27;[32mI should be able to retrieve the booking by ID&amp#27;[0m                                                                                                                                &amp#27;[90m# stepDef.D01_createBookingAndVerify.i_should_be_able_to_retrieve_the_booking_by_id()&amp#27;[0m
  &amp#27;[32mThen &amp#27;[0m&amp#27;[32mthe retrieved booking should have first name &amp#27;[0m&amp#27;[32m&amp#27;[1m"John"&amp#27;[0m&amp#27;[32m, last name &amp#27;[0m&amp#27;[32m&amp#27;[1m"Doe"&amp#27;[0m&amp#27;[32m, total price &amp#27;[0m&amp#27;[32m&amp#27;[1m"100"&amp#27;[0m&amp#27;[32m, deposit paid &amp#27;[0m&amp#27;[32m&amp#27;[1m"true"&amp#27;[0m&amp#27;[32m, check-in &amp#27;[0m&amp#27;[32m&amp#27;[1m"2020-01-01"&amp#27;[0m&amp#27;[32m, check-out &amp#27;[0m&amp#27;[32m&amp#27;[1m"2020-01-02"&amp#27;[0m&amp#27;[32m,&amp#27;[0m&amp#27;[32m&amp#27;[1m"Breakfast"&amp#27;[0m      &amp#27;[90m# stepDef.D01_createBookingAndVerify.the_retrieved_booking_should_have_first_name_last_name_total_price_deposit_paid_check_in_check_out(java.lang.String,java.lang.String,java.lang.String,java.lang.String,java.lang.String,java.lang.String,java.lang.String)&amp#27;[0m
]]></system-out>
    <system-err><![CDATA[SLF4J: Failed to load class "org.slf4j.impl.StaticLoggerBinder".
SLF4J: Defaulting to no-operation (NOP) logger implementation
SLF4J: See http://www.slf4j.org/codes.html#StaticLoggerBinder for further details.
]]></system-err>
  </testcase>
  <testcase name="runScenario[&quot;F01 | Create and retrieve a booking&quot;, &quot;Booking API&quot;](2)" classname="testrunner.runners" time="0.857">
    <system-out><![CDATA[
@api
Scenario Outline: F01 | Create and retrieve a booking                                                                                                                              &amp#27;[90m# src/main/resources/features/F01_createBookingAndVerify.feature:11&amp#27;[0m
Request method:	POST
Request URI:	http://restful-booker.herokuapp.com/booking
Proxy:			<none>
Request params:	<none>
Query params:	<none>
Form params:	<none>
Path params:	<none>
Headers:		Accept=*/*
				Content-Type=application/json
Cookies:		<none>
Multiparts:		<none>
Body:
{
    "firstname": "Jane",
    "additionalneeds": "Burger",
    "bookingdates": {
        "checkin": "2020-02-01",
        "checkout": "2020-02-02"
    },
    "totalprice": "200",
    "depositpaid": true,
    "lastname": "Smith"
}
HTTP/1.1 200 OK
Server: Cowboy
Connection: keep-alive
X-Powered-By: Express
Content-Type: application/json; charset=utf-8
Content-Length: 195
Etag: W/"c3-d1S5ZppqsxCuoJh/ybKulLIo6HQ"
Date: Wed, 01 Feb 2023 22:16:05 GMT
Via: 1.1 vegur

{
    "bookingid": 4941,
    "booking": {
        "firstname": "Jane",
        "lastname": "Smith",
        "totalprice": 200,
        "depositpaid": true,
        "bookingdates": {
            "checkin": "2020-02-01",
            "checkout": "2020-02-02"
        },
        "additionalneeds": "Burger"
    }
}
  &amp#27;[32mGiven &amp#27;[0m&amp#27;[32mI create a booking with first name &amp#27;[0m&amp#27;[32m&amp#27;[1m"Jane"&amp#27;[0m&amp#27;[32m, last name &amp#27;[0m&amp#27;[32m&amp#27;[1m"Smith"&amp#27;[0m&amp#27;[32m, total price &amp#27;[0m&amp#27;[32m&amp#27;[1m"200"&amp#27;[0m&amp#27;[32m, deposit paid &amp#27;[0m&amp#27;[32m&amp#27;[1m"true"&amp#27;[0m&amp#27;[32m, check-in &amp#27;[0m&amp#27;[32m&amp#27;[1m"2020-02-01"&amp#27;[0m&amp#27;[32m, check-out &amp#27;[0m&amp#27;[32m&amp#27;[1m"2020-02-02"&amp#27;[0m&amp#27;[32m, &amp#27;[0m&amp#27;[32m&amp#27;[1m"Burger"&amp#27;[0m&amp#27;[32m successfully&amp#27;[0m &amp#27;[90m# stepDef.D01_createBookingAndVerify.CreateBookingInfo(java.lang.String,java.lang.String,java.lang.String,java.lang.String,java.lang.String,java.lang.String,java.lang.String)&amp#27;[0m
Request method:	GET
Request URI:	http://restful-booker.herokuapp.com/booking/4941
Proxy:			<none>
Request params:	<none>
Query params:	<none>
Form params:	<none>
Path params:	<none>
Headers:		Accept=*/*
Cookies:		<none>
Multiparts:		<none>
Body:			<none>
HTTP/1.1 200 OK
Server: Cowboy
Connection: keep-alive
X-Powered-By: Express
Content-Type: application/json; charset=utf-8
Content-Length: 166
Etag: W/"a6-cYwTsq258ESqyQ5eOAkyNKyhF4A"
Date: Wed, 01 Feb 2023 22:16:05 GMT
Via: 1.1 vegur

{
    "firstname": "Jane",
    "lastname": "Smith",
    "totalprice": 200,
    "depositpaid": true,
    "bookingdates": {
        "checkin": "2020-02-01",
        "checkout": "2020-02-02"
    },
    "additionalneeds": "Burger"
}
  &amp#27;[32mAnd &amp#27;[0m&amp#27;[32mI should be able to retrieve the booking by ID&amp#27;[0m                                                                                                                               &amp#27;[90m# stepDef.D01_createBookingAndVerify.i_should_be_able_to_retrieve_the_booking_by_id()&amp#27;[0m
  &amp#27;[32mThen &amp#27;[0m&amp#27;[32mthe retrieved booking should have first name &amp#27;[0m&amp#27;[32m&amp#27;[1m"Jane"&amp#27;[0m&amp#27;[32m, last name &amp#27;[0m&amp#27;[32m&amp#27;[1m"Smith"&amp#27;[0m&amp#27;[32m, total price &amp#27;[0m&amp#27;[32m&amp#27;[1m"200"&amp#27;[0m&amp#27;[32m, deposit paid &amp#27;[0m&amp#27;[32m&amp#27;[1m"true"&amp#27;[0m&amp#27;[32m, check-in &amp#27;[0m&amp#27;[32m&amp#27;[1m"2020-02-01"&amp#27;[0m&amp#27;[32m, check-out &amp#27;[0m&amp#27;[32m&amp#27;[1m"2020-02-02"&amp#27;[0m&amp#27;[32m,&amp#27;[0m&amp#27;[32m&amp#27;[1m"Burger"&amp#27;[0m      &amp#27;[90m# stepDef.D01_createBookingAndVerify.the_retrieved_booking_should_have_first_name_last_name_total_price_deposit_paid_check_in_check_out(java.lang.String,java.lang.String,java.lang.String,java.lang.String,java.lang.String,java.lang.String,java.lang.String)&amp#27;[0m
]]></system-out>
  </testcase>
  <testcase name="runScenario[&quot;F02| Try to create a booking with invalid info and retrieve a booking&quot;, &quot;Booking API with invalid info&quot;](3)" classname="testrunner.runners" time="0.439">
    <failure message="expected [404] but found [200]" type="java.lang.AssertionError"><![CDATA[java.lang.AssertionError: expected [404] but found [200]
	at org.testng.Assert.fail(Assert.java:110)
	at org.testng.Assert.failNotEquals(Assert.java:1577)
	at org.testng.Assert.assertEqualsImpl(Assert.java:149)
	at org.testng.Assert.assertEquals(Assert.java:131)
	at org.testng.Assert.assertEquals(Assert.java:1418)
	at org.testng.Assert.assertEquals(Assert.java:1448)
	at stepDef.D02_invalidInfo.status_code_should_be_for_all_invalid_entries(D02_invalidInfo.java:21)
	at ✽.status code should be 404 for all invalid entries(file:///F:/APIpractice/rest/src/main/resources/features/F02_InvalidInfo.feature:6)
]]></failure>
    <system-out><![CDATA[
@api
Scenario Outline: F02| Try to create a booking with invalid info and retrieve a booking                                                                                                   &amp#27;[90m# src/main/resources/features/F02_InvalidInfo.feature:9&amp#27;[0m
Request method:	POST
Request URI:	http://restful-booker.herokuapp.com/booking
Proxy:			<none>
Request params:	<none>
Query params:	<none>
Form params:	<none>
Path params:	<none>
Headers:		Accept=*/*
				Content-Type=application/json
Cookies:		<none>
Multiparts:		<none>
Body:
{
    "firstname": "John",
    "additionalneeds": "Breakfast",
    "bookingdates": {
        "checkin": "2020-01-01",
        "checkout": "2020-01-02"
    },
    "totalprice": "-100",
    "depositpaid": true,
    "lastname": "Doe"
}
HTTP/1.1 200 OK
Server: Cowboy
Connection: keep-alive
X-Powered-By: Express
Content-Type: application/json; charset=utf-8
Content-Length: 197
Etag: W/"c5-czDoe3EPHr/QY+g9tb4RFEKVGhg"
Date: Wed, 01 Feb 2023 22:16:06 GMT
Via: 1.1 vegur

{
    "bookingid": 4959,
    "booking": {
        "firstname": "John",
        "lastname": "Doe",
        "totalprice": -100,
        "depositpaid": true,
        "bookingdates": {
            "checkin": "2020-01-01",
            "checkout": "2020-01-02"
        },
        "additionalneeds": "Breakfast"
    }
}
{"bookingid":4959,"booking":{"firstname":"John","lastname":"Doe","totalprice":-100,"depositpaid":true,"bookingdates":{"checkin":"2020-01-01","checkout":"2020-01-02"},"additionalneeds":"Breakfast"}}
  &amp#27;[32mGiven &amp#27;[0m&amp#27;[32mI create a booking with invalid info of &amp#27;[0m&amp#27;[32m&amp#27;[1m"John"&amp#27;[0m&amp#27;[32m, last name &amp#27;[0m&amp#27;[32m&amp#27;[1m"Doe"&amp#27;[0m&amp#27;[32m, total price &amp#27;[0m&amp#27;[32m&amp#27;[1m"-100"&amp#27;[0m&amp#27;[32m, deposit paid &amp#27;[0m&amp#27;[32m&amp#27;[1m"true"&amp#27;[0m&amp#27;[32m, check-in &amp#27;[0m&amp#27;[32m&amp#27;[1m"2020-01-01"&amp#27;[0m&amp#27;[32m, check-out &amp#27;[0m&amp#27;[32m&amp#27;[1m"2020-01-02"&amp#27;[0m&amp#27;[32m, &amp#27;[0m&amp#27;[32m&amp#27;[1m"Breakfast"&amp#27;[0m&amp#27;[32m successfully&amp#27;[0m &amp#27;[90m# stepDef.D02_invalidInfo.i_create_a_booking_with_invalid_info_of_last_name_total_price_deposit_paid_check_in_check_out_successfully(java.lang.String,java.lang.String,java.lang.String,java.lang.String,java.lang.String,java.lang.String,java.lang.String)&amp#27;[0m
  &amp#27;[31mThen &amp#27;[0m&amp#27;[31mstatus code should be &amp#27;[0m&amp#27;[31m&amp#27;[1m404&amp#27;[0m&amp#27;[31m for all invalid entries&amp#27;[0m                                                                                                                                  &amp#27;[90m# stepDef.D02_invalidInfo.status_code_should_be_for_all_invalid_entries(java.lang.Integer)&amp#27;[0m
      &amp#27;[31mjava.lang.AssertionError: expected [404] but found [200]
	at org.testng.Assert.fail(Assert.java:110)
	at org.testng.Assert.failNotEquals(Assert.java:1577)
	at org.testng.Assert.assertEqualsImpl(Assert.java:149)
	at org.testng.Assert.assertEquals(Assert.java:131)
	at org.testng.Assert.assertEquals(Assert.java:1418)
	at org.testng.Assert.assertEquals(Assert.java:1448)
	at stepDef.D02_invalidInfo.status_code_should_be_for_all_invalid_entries(D02_invalidInfo.java:21)
	at âœ½.status code should be 404 for all invalid entries(file:///F:/APIpractice/rest/src/main/resources/features/F02_InvalidInfo.feature:6)
&amp#27;[0m
]]></system-out>
  </testcase>
  <testcase name="runScenario[&quot;F02| Try to create a booking with invalid info and retrieve a booking&quot;, &quot;Booking API with invalid info&quot;](4)" classname="testrunner.runners" time="0.317">
    <failure message="expected [404] but found [200]" type="java.lang.AssertionError"><![CDATA[java.lang.AssertionError: expected [404] but found [200]
	at org.testng.Assert.fail(Assert.java:110)
	at org.testng.Assert.failNotEquals(Assert.java:1577)
	at org.testng.Assert.assertEqualsImpl(Assert.java:149)
	at org.testng.Assert.assertEquals(Assert.java:131)
	at org.testng.Assert.assertEquals(Assert.java:1418)
	at org.testng.Assert.assertEquals(Assert.java:1448)
	at stepDef.D02_invalidInfo.status_code_should_be_for_all_invalid_entries(D02_invalidInfo.java:21)
	at ✽.status code should be 404 for all invalid entries(file:///F:/APIpractice/rest/src/main/resources/features/F02_InvalidInfo.feature:6)
]]></failure>
    <system-out><![CDATA[
@api
Scenario Outline: F02| Try to create a booking with invalid info and retrieve a booking                                                                                                  &amp#27;[90m# src/main/resources/features/F02_InvalidInfo.feature:10&amp#27;[0m
Request method:	POST
Request URI:	http://restful-booker.herokuapp.com/booking
Proxy:			<none>
Request params:	<none>
Query params:	<none>
Form params:	<none>
Path params:	<none>
Headers:		Accept=*/*
				Content-Type=application/json
Cookies:		<none>
Multiparts:		<none>
Body:
{
    "firstname": "Jane",
    "additionalneeds": "Burger",
    "bookingdates": {
        "checkin": "2020-02-01",
        "checkout": "2020-02-02"
    },
    "totalprice": "200",
    "depositpaid": false,
    "lastname": "Smith"
}
HTTP/1.1 200 OK
Server: Cowboy
Connection: keep-alive
X-Powered-By: Express
Content-Type: application/json; charset=utf-8
Content-Length: 196
Etag: W/"c4-YZrS8cAhTN2eOCjA/yUJBSi4O6o"
Date: Wed, 01 Feb 2023 22:16:06 GMT
Via: 1.1 vegur

{
    "bookingid": 4970,
    "booking": {
        "firstname": "Jane",
        "lastname": "Smith",
        "totalprice": 200,
        "depositpaid": false,
        "bookingdates": {
            "checkin": "2020-02-01",
            "checkout": "2020-02-02"
        },
        "additionalneeds": "Burger"
    }
}
{"bookingid":4970,"booking":{"firstname":"Jane","lastname":"Smith","totalprice":200,"depositpaid":false,"bookingdates":{"checkin":"2020-02-01","checkout":"2020-02-02"},"additionalneeds":"Burger"}}
  &amp#27;[32mGiven &amp#27;[0m&amp#27;[32mI create a booking with invalid info of &amp#27;[0m&amp#27;[32m&amp#27;[1m"Jane"&amp#27;[0m&amp#27;[32m, last name &amp#27;[0m&amp#27;[32m&amp#27;[1m"Smith"&amp#27;[0m&amp#27;[32m, total price &amp#27;[0m&amp#27;[32m&amp#27;[1m"200"&amp#27;[0m&amp#27;[32m, deposit paid &amp#27;[0m&amp#27;[32m&amp#27;[1m"false"&amp#27;[0m&amp#27;[32m, check-in &amp#27;[0m&amp#27;[32m&amp#27;[1m"2020-02-01"&amp#27;[0m&amp#27;[32m, check-out &amp#27;[0m&amp#27;[32m&amp#27;[1m"2020-02-02"&amp#27;[0m&amp#27;[32m, &amp#27;[0m&amp#27;[32m&amp#27;[1m"Burger"&amp#27;[0m&amp#27;[32m successfully&amp#27;[0m &amp#27;[90m# stepDef.D02_invalidInfo.i_create_a_booking_with_invalid_info_of_last_name_total_price_deposit_paid_check_in_check_out_successfully(java.lang.String,java.lang.String,java.lang.String,java.lang.String,java.lang.String,java.lang.String,java.lang.String)&amp#27;[0m
  &amp#27;[31mThen &amp#27;[0m&amp#27;[31mstatus code should be &amp#27;[0m&amp#27;[31m&amp#27;[1m404&amp#27;[0m&amp#27;[31m for all invalid entries&amp#27;[0m                                                                                                                                 &amp#27;[90m# stepDef.D02_invalidInfo.status_code_should_be_for_all_invalid_entries(java.lang.Integer)&amp#27;[0m
      &amp#27;[31mjava.lang.AssertionError: expected [404] but found [200]
	at org.testng.Assert.fail(Assert.java:110)
	at org.testng.Assert.failNotEquals(Assert.java:1577)
	at org.testng.Assert.assertEqualsImpl(Assert.java:149)
	at org.testng.Assert.assertEquals(Assert.java:131)
	at org.testng.Assert.assertEquals(Assert.java:1418)
	at org.testng.Assert.assertEquals(Assert.java:1448)
	at stepDef.D02_invalidInfo.status_code_should_be_for_all_invalid_entries(D02_invalidInfo.java:21)
	at âœ½.status code should be 404 for all invalid entries(file:///F:/APIpractice/rest/src/main/resources/features/F02_InvalidInfo.feature:6)
&amp#27;[0m
]]></system-out>
  </testcase>
  <testcase name="runScenario[&quot;F02| Try to create a booking with invalid info and retrieve a booking&quot;, &quot;Booking API with invalid info&quot;](5)" classname="testrunner.runners" time="0.35">
    <failure message="expected [404] but found [200]" type="java.lang.AssertionError"><![CDATA[java.lang.AssertionError: expected [404] but found [200]
	at org.testng.Assert.fail(Assert.java:110)
	at org.testng.Assert.failNotEquals(Assert.java:1577)
	at org.testng.Assert.assertEqualsImpl(Assert.java:149)
	at org.testng.Assert.assertEquals(Assert.java:131)
	at org.testng.Assert.assertEquals(Assert.java:1418)
	at org.testng.Assert.assertEquals(Assert.java:1448)
	at stepDef.D02_invalidInfo.status_code_should_be_for_all_invalid_entries(D02_invalidInfo.java:21)
	at ✽.status code should be 404 for all invalid entries(file:///F:/APIpractice/rest/src/main/resources/features/F02_InvalidInfo.feature:6)
]]></failure>
    <system-out><![CDATA[
@api
Scenario Outline: F02| Try to create a booking with invalid info and retrieve a booking                                                                                                 &amp#27;[90m# src/main/resources/features/F02_InvalidInfo.feature:11&amp#27;[0m
Request method:	POST
Request URI:	http://restful-booker.herokuapp.com/booking
Proxy:			<none>
Request params:	<none>
Query params:	<none>
Form params:	<none>
Path params:	<none>
Headers:		Accept=*/*
				Content-Type=application/json
Cookies:		<none>
Multiparts:		<none>
Body:
{
    "firstname": "Peter",
    "additionalneeds": "Burger",
    "bookingdates": {
        "checkin": "2020-02-01",
        "checkout": "2020-02-02"
    },
    "totalprice": "test",
    "depositpaid": true,
    "lastname": "Mal"
}
HTTP/1.1 200 OK
Server: Cowboy
Connection: keep-alive
X-Powered-By: Express
Content-Type: application/json; charset=utf-8
Content-Length: 195
Etag: W/"c3-qt3zXH4vCiWSbbkcg3BGaLAC2jo"
Date: Wed, 01 Feb 2023 22:16:06 GMT
Via: 1.1 vegur

{
    "bookingid": 4980,
    "booking": {
        "firstname": "Peter",
        "lastname": "Mal",
        "totalprice": null,
        "depositpaid": true,
        "bookingdates": {
            "checkin": "2020-02-01",
            "checkout": "2020-02-02"
        },
        "additionalneeds": "Burger"
    }
}
{"bookingid":4980,"booking":{"firstname":"Peter","lastname":"Mal","totalprice":null,"depositpaid":true,"bookingdates":{"checkin":"2020-02-01","checkout":"2020-02-02"},"additionalneeds":"Burger"}}
  &amp#27;[32mGiven &amp#27;[0m&amp#27;[32mI create a booking with invalid info of &amp#27;[0m&amp#27;[32m&amp#27;[1m"Peter"&amp#27;[0m&amp#27;[32m, last name &amp#27;[0m&amp#27;[32m&amp#27;[1m"Mal"&amp#27;[0m&amp#27;[32m, total price &amp#27;[0m&amp#27;[32m&amp#27;[1m"test"&amp#27;[0m&amp#27;[32m, deposit paid &amp#27;[0m&amp#27;[32m&amp#27;[1m"true"&amp#27;[0m&amp#27;[32m, check-in &amp#27;[0m&amp#27;[32m&amp#27;[1m"2020-02-01"&amp#27;[0m&amp#27;[32m, check-out &amp#27;[0m&amp#27;[32m&amp#27;[1m"2020-02-02"&amp#27;[0m&amp#27;[32m, &amp#27;[0m&amp#27;[32m&amp#27;[1m"Burger"&amp#27;[0m&amp#27;[32m successfully&amp#27;[0m &amp#27;[90m# stepDef.D02_invalidInfo.i_create_a_booking_with_invalid_info_of_last_name_total_price_deposit_paid_check_in_check_out_successfully(java.lang.String,java.lang.String,java.lang.String,java.lang.String,java.lang.String,java.lang.String,java.lang.String)&amp#27;[0m
  &amp#27;[31mThen &amp#27;[0m&amp#27;[31mstatus code should be &amp#27;[0m&amp#27;[31m&amp#27;[1m404&amp#27;[0m&amp#27;[31m for all invalid entries&amp#27;[0m                                                                                                                                &amp#27;[90m# stepDef.D02_invalidInfo.status_code_should_be_for_all_invalid_entries(java.lang.Integer)&amp#27;[0m
      &amp#27;[31mjava.lang.AssertionError: expected [404] but found [200]
	at org.testng.Assert.fail(Assert.java:110)
	at org.testng.Assert.failNotEquals(Assert.java:1577)
	at org.testng.Assert.assertEqualsImpl(Assert.java:149)
	at org.testng.Assert.assertEquals(Assert.java:131)
	at org.testng.Assert.assertEquals(Assert.java:1418)
	at org.testng.Assert.assertEquals(Assert.java:1448)
	at stepDef.D02_invalidInfo.status_code_should_be_for_all_invalid_entries(D02_invalidInfo.java:21)
	at âœ½.status code should be 404 for all invalid entries(file:///F:/APIpractice/rest/src/main/resources/features/F02_InvalidInfo.feature:6)
&amp#27;[0m
]]></system-out>
  </testcase>
  <testcase name="runScenario[&quot;F02| Try to create a booking with invalid info and retrieve a booking&quot;, &quot;Booking API with invalid info&quot;](6)" classname="testrunner.runners" time="0.301">
    <failure message="expected [404] but found [200]" type="java.lang.AssertionError"><![CDATA[java.lang.AssertionError: expected [404] but found [200]
	at org.testng.Assert.fail(Assert.java:110)
	at org.testng.Assert.failNotEquals(Assert.java:1577)
	at org.testng.Assert.assertEqualsImpl(Assert.java:149)
	at org.testng.Assert.assertEquals(Assert.java:131)
	at org.testng.Assert.assertEquals(Assert.java:1418)
	at org.testng.Assert.assertEquals(Assert.java:1448)
	at stepDef.D02_invalidInfo.status_code_should_be_for_all_invalid_entries(D02_invalidInfo.java:21)
	at ✽.status code should be 404 for all invalid entries(file:///F:/APIpractice/rest/src/main/resources/features/F02_InvalidInfo.feature:6)
]]></failure>
    <system-out><![CDATA[
@api
Scenario Outline: F02| Try to create a booking with invalid info and retrieve a booking                                                                                              &amp#27;[90m# src/main/resources/features/F02_InvalidInfo.feature:12&amp#27;[0m
Request method:	POST
Request URI:	http://restful-booker.herokuapp.com/booking
Proxy:			<none>
Request params:	<none>
Query params:	<none>
Form params:	<none>
Path params:	<none>
Headers:		Accept=*/*
				Content-Type=application/json
Cookies:		<none>
Multiparts:		<none>
Body:
{
    "firstname": "Ahmed",
    "additionalneeds": "Burger",
    "bookingdates": {
        "checkin": "2020-02-02",
        "checkout": "2020-01-02"
    },
    "totalprice": "200",
    "depositpaid": false,
    "lastname": "Tarik"
}
HTTP/1.1 200 OK
Server: Cowboy
Connection: keep-alive
X-Powered-By: Express
Content-Type: application/json; charset=utf-8
Content-Length: 197
Etag: W/"c5-glFcmdDGfyWc4s8tXZLL6xE9L4E"
Date: Wed, 01 Feb 2023 22:16:07 GMT
Via: 1.1 vegur

{
    "bookingid": 4986,
    "booking": {
        "firstname": "Ahmed",
        "lastname": "Tarik",
        "totalprice": 200,
        "depositpaid": false,
        "bookingdates": {
            "checkin": "2020-02-02",
            "checkout": "2020-01-02"
        },
        "additionalneeds": "Burger"
    }
}
{"bookingid":4986,"booking":{"firstname":"Ahmed","lastname":"Tarik","totalprice":200,"depositpaid":false,"bookingdates":{"checkin":"2020-02-02","checkout":"2020-01-02"},"additionalneeds":"Burger"}}
  &amp#27;[32mGiven &amp#27;[0m&amp#27;[32mI create a booking with invalid info of &amp#27;[0m&amp#27;[32m&amp#27;[1m"Ahmed"&amp#27;[0m&amp#27;[32m, last name &amp#27;[0m&amp#27;[32m&amp#27;[1m"Tarik"&amp#27;[0m&amp#27;[32m, total price &amp#27;[0m&amp#27;[32m&amp#27;[1m"200"&amp#27;[0m&amp#27;[32m, deposit paid &amp#27;[0m&amp#27;[32m&amp#27;[1m""&amp#27;[0m&amp#27;[32m, check-in &amp#27;[0m&amp#27;[32m&amp#27;[1m"2020-02-02"&amp#27;[0m&amp#27;[32m, check-out &amp#27;[0m&amp#27;[32m&amp#27;[1m"2020-01-02"&amp#27;[0m&amp#27;[32m, &amp#27;[0m&amp#27;[32m&amp#27;[1m"Burger"&amp#27;[0m&amp#27;[32m successfully&amp#27;[0m &amp#27;[90m# stepDef.D02_invalidInfo.i_create_a_booking_with_invalid_info_of_last_name_total_price_deposit_paid_check_in_check_out_successfully(java.lang.String,java.lang.String,java.lang.String,java.lang.String,java.lang.String,java.lang.String,java.lang.String)&amp#27;[0m
  &amp#27;[31mThen &amp#27;[0m&amp#27;[31mstatus code should be &amp#27;[0m&amp#27;[31m&amp#27;[1m404&amp#27;[0m&amp#27;[31m for all invalid entries&amp#27;[0m                                                                                                                             &amp#27;[90m# stepDef.D02_invalidInfo.status_code_should_be_for_all_invalid_entries(java.lang.Integer)&amp#27;[0m
      &amp#27;[31mjava.lang.AssertionError: expected [404] but found [200]
	at org.testng.Assert.fail(Assert.java:110)
	at org.testng.Assert.failNotEquals(Assert.java:1577)
	at org.testng.Assert.assertEqualsImpl(Assert.java:149)
	at org.testng.Assert.assertEquals(Assert.java:131)
	at org.testng.Assert.assertEquals(Assert.java:1418)
	at org.testng.Assert.assertEquals(Assert.java:1448)
	at stepDef.D02_invalidInfo.status_code_should_be_for_all_invalid_entries(D02_invalidInfo.java:21)
	at âœ½.status code should be 404 for all invalid entries(file:///F:/APIpractice/rest/src/main/resources/features/F02_InvalidInfo.feature:6)
&amp#27;[0m
]]></system-out>
  </testcase>
  <testcase name="runScenario[&quot;F02| Try to create a booking with invalid info and retrieve a booking&quot;, &quot;Booking API with invalid info&quot;](7)" classname="testrunner.runners" time="0.372">
    <failure message="expected [404] but found [200]" type="java.lang.AssertionError"><![CDATA[java.lang.AssertionError: expected [404] but found [200]
	at org.testng.Assert.fail(Assert.java:110)
	at org.testng.Assert.failNotEquals(Assert.java:1577)
	at org.testng.Assert.assertEqualsImpl(Assert.java:149)
	at org.testng.Assert.assertEquals(Assert.java:131)
	at org.testng.Assert.assertEquals(Assert.java:1418)
	at org.testng.Assert.assertEquals(Assert.java:1448)
	at stepDef.D02_invalidInfo.status_code_should_be_for_all_invalid_entries(D02_invalidInfo.java:21)
	at ✽.status code should be 404 for all invalid entries(file:///F:/APIpractice/rest/src/main/resources/features/F02_InvalidInfo.feature:6)
]]></failure>
    <system-out><![CDATA[
@api
Scenario Outline: F02| Try to create a booking with invalid info and retrieve a booking                                                                                                     &amp#27;[90m# src/main/resources/features/F02_InvalidInfo.feature:13&amp#27;[0m
Request method:	POST
Request URI:	http://restful-booker.herokuapp.com/booking
Proxy:			<none>
Request params:	<none>
Query params:	<none>
Form params:	<none>
Path params:	<none>
Headers:		Accept=*/*
				Content-Type=application/json
Cookies:		<none>
Multiparts:		<none>
Body:
{
    "firstname": "Hisham",
    "additionalneeds": "Burger",
    "bookingdates": {
        "checkin": "2020-02-02",
        "checkout": "2020-01-02"
    },
    "totalprice": "200-4",
    "depositpaid": true,
    "lastname": "Tarik"
}
HTTP/1.1 200 OK
Server: Cowboy
Connection: keep-alive
X-Powered-By: Express
Content-Type: application/json; charset=utf-8
Content-Length: 197
Etag: W/"c5-LLQRpa5m6vRekiZI35YL7DHicNg"
Date: Wed, 01 Feb 2023 22:16:07 GMT
Via: 1.1 vegur

{
    "bookingid": 4994,
    "booking": {
        "firstname": "Hisham",
        "lastname": "Tarik",
        "totalprice": 200,
        "depositpaid": true,
        "bookingdates": {
            "checkin": "2020-02-02",
            "checkout": "2020-01-02"
        },
        "additionalneeds": "Burger"
    }
}
{"bookingid":4994,"booking":{"firstname":"Hisham","lastname":"Tarik","totalprice":200,"depositpaid":true,"bookingdates":{"checkin":"2020-02-02","checkout":"2020-01-02"},"additionalneeds":"Burger"}}
  &amp#27;[32mGiven &amp#27;[0m&amp#27;[32mI create a booking with invalid info of &amp#27;[0m&amp#27;[32m&amp#27;[1m"Hisham"&amp#27;[0m&amp#27;[32m, last name &amp#27;[0m&amp#27;[32m&amp#27;[1m"Tarik"&amp#27;[0m&amp#27;[32m, total price &amp#27;[0m&amp#27;[32m&amp#27;[1m"200-4"&amp#27;[0m&amp#27;[32m, deposit paid &amp#27;[0m&amp#27;[32m&amp#27;[1m"true"&amp#27;[0m&amp#27;[32m, check-in &amp#27;[0m&amp#27;[32m&amp#27;[1m"2020-02-02"&amp#27;[0m&amp#27;[32m, check-out &amp#27;[0m&amp#27;[32m&amp#27;[1m"2020-01-02"&amp#27;[0m&amp#27;[32m, &amp#27;[0m&amp#27;[32m&amp#27;[1m"Burger"&amp#27;[0m&amp#27;[32m successfully&amp#27;[0m &amp#27;[90m# stepDef.D02_invalidInfo.i_create_a_booking_with_invalid_info_of_last_name_total_price_deposit_paid_check_in_check_out_successfully(java.lang.String,java.lang.String,java.lang.String,java.lang.String,java.lang.String,java.lang.String,java.lang.String)&amp#27;[0m
  &amp#27;[31mThen &amp#27;[0m&amp#27;[31mstatus code should be &amp#27;[0m&amp#27;[31m&amp#27;[1m404&amp#27;[0m&amp#27;[31m for all invalid entries&amp#27;[0m                                                                                                                                    &amp#27;[90m# stepDef.D02_invalidInfo.status_code_should_be_for_all_invalid_entries(java.lang.Integer)&amp#27;[0m
      &amp#27;[31mjava.lang.AssertionError: expected [404] but found [200]
	at org.testng.Assert.fail(Assert.java:110)
	at org.testng.Assert.failNotEquals(Assert.java:1577)
	at org.testng.Assert.assertEqualsImpl(Assert.java:149)
	at org.testng.Assert.assertEquals(Assert.java:131)
	at org.testng.Assert.assertEquals(Assert.java:1418)
	at org.testng.Assert.assertEquals(Assert.java:1448)
	at stepDef.D02_invalidInfo.status_code_should_be_for_all_invalid_entries(D02_invalidInfo.java:21)
	at âœ½.status code should be 404 for all invalid entries(file:///F:/APIpractice/rest/src/main/resources/features/F02_InvalidInfo.feature:6)
&amp#27;[0m
]]></system-out>
  </testcase>
  <testcase name="runScenario[&quot;F02| Try to create a booking with invalid info and retrieve a booking&quot;, &quot;Booking API with invalid info&quot;](8)" classname="testrunner.runners" time="0.337">
    <failure message="expected [404] but found [200]" type="java.lang.AssertionError"><![CDATA[java.lang.AssertionError: expected [404] but found [200]
	at org.testng.Assert.fail(Assert.java:110)
	at org.testng.Assert.failNotEquals(Assert.java:1577)
	at org.testng.Assert.assertEqualsImpl(Assert.java:149)
	at org.testng.Assert.assertEquals(Assert.java:131)
	at org.testng.Assert.assertEquals(Assert.java:1418)
	at org.testng.Assert.assertEquals(Assert.java:1448)
	at stepDef.D02_invalidInfo.status_code_should_be_for_all_invalid_entries(D02_invalidInfo.java:21)
	at ✽.status code should be 404 for all invalid entries(file:///F:/APIpractice/rest/src/main/resources/features/F02_InvalidInfo.feature:6)
]]></failure>
    <system-out><![CDATA[
@api
Scenario Outline: F02| Try to create a booking with invalid info and retrieve a booking                                                                                                 &amp#27;[90m# src/main/resources/features/F02_InvalidInfo.feature:14&amp#27;[0m
Request method:	POST
Request URI:	http://restful-booker.herokuapp.com/booking
Proxy:			<none>
Request params:	<none>
Query params:	<none>
Form params:	<none>
Path params:	<none>
Headers:		Accept=*/*
				Content-Type=application/json
Cookies:		<none>
Multiparts:		<none>
Body:
{
    "firstname": "Mohammed",
    "additionalneeds": "Burger",
    "bookingdates": {
        "checkin": "string",
        "checkout": "2020-01-02"
    },
    "totalprice": "200",
    "depositpaid": true,
    "lastname": "Tarik"
}
HTTP/1.1 200 OK
Server: Cowboy
Connection: keep-alive
X-Powered-By: Express
Content-Type: application/json; charset=utf-8
Content-Length: 199
Etag: W/"c7-mE45Nh4n8X7hrl1HGYKmusnPnrg"
Date: Wed, 01 Feb 2023 22:16:07 GMT
Via: 1.1 vegur

{
    "bookingid": 5001,
    "booking": {
        "firstname": "Mohammed",
        "lastname": "Tarik",
        "totalprice": 200,
        "depositpaid": true,
        "bookingdates": {
            "checkin": "0NaN-aN-aN",
            "checkout": "2020-01-02"
        },
        "additionalneeds": "Burger"
    }
}
{"bookingid":5001,"booking":{"firstname":"Mohammed","lastname":"Tarik","totalprice":200,"depositpaid":true,"bookingdates":{"checkin":"0NaN-aN-aN","checkout":"2020-01-02"},"additionalneeds":"Burger"}}
  &amp#27;[32mGiven &amp#27;[0m&amp#27;[32mI create a booking with invalid info of &amp#27;[0m&amp#27;[32m&amp#27;[1m"Mohammed"&amp#27;[0m&amp#27;[32m, last name &amp#27;[0m&amp#27;[32m&amp#27;[1m"Tarik"&amp#27;[0m&amp#27;[32m, total price &amp#27;[0m&amp#27;[32m&amp#27;[1m"200"&amp#27;[0m&amp#27;[32m, deposit paid &amp#27;[0m&amp#27;[32m&amp#27;[1m"true"&amp#27;[0m&amp#27;[32m, check-in &amp#27;[0m&amp#27;[32m&amp#27;[1m"string"&amp#27;[0m&amp#27;[32m, check-out &amp#27;[0m&amp#27;[32m&amp#27;[1m"2020-01-02"&amp#27;[0m&amp#27;[32m, &amp#27;[0m&amp#27;[32m&amp#27;[1m"Burger"&amp#27;[0m&amp#27;[32m successfully&amp#27;[0m &amp#27;[90m# stepDef.D02_invalidInfo.i_create_a_booking_with_invalid_info_of_last_name_total_price_deposit_paid_check_in_check_out_successfully(java.lang.String,java.lang.String,java.lang.String,java.lang.String,java.lang.String,java.lang.String,java.lang.String)&amp#27;[0m
  &amp#27;[31mThen &amp#27;[0m&amp#27;[31mstatus code should be &amp#27;[0m&amp#27;[31m&amp#27;[1m404&amp#27;[0m&amp#27;[31m for all invalid entries&amp#27;[0m                                                                                                                                &amp#27;[90m# stepDef.D02_invalidInfo.status_code_should_be_for_all_invalid_entries(java.lang.Integer)&amp#27;[0m
      &amp#27;[31mjava.lang.AssertionError: expected [404] but found [200]
	at org.testng.Assert.fail(Assert.java:110)
	at org.testng.Assert.failNotEquals(Assert.java:1577)
	at org.testng.Assert.assertEqualsImpl(Assert.java:149)
	at org.testng.Assert.assertEquals(Assert.java:131)
	at org.testng.Assert.assertEquals(Assert.java:1418)
	at org.testng.Assert.assertEquals(Assert.java:1448)
	at stepDef.D02_invalidInfo.status_code_should_be_for_all_invalid_entries(D02_invalidInfo.java:21)
	at âœ½.status code should be 404 for all invalid entries(file:///F:/APIpractice/rest/src/main/resources/features/F02_InvalidInfo.feature:6)
&amp#27;[0m
]]></system-out>
  </testcase>
  <testcase name="runScenario[&quot;F02| Try to create a booking with invalid info and retrieve a booking&quot;, &quot;Booking API with invalid info&quot;](9)" classname="testrunner.runners" time="0.317">
    <failure message="expected [404] but found [200]" type="java.lang.AssertionError"><![CDATA[java.lang.AssertionError: expected [404] but found [200]
	at org.testng.Assert.fail(Assert.java:110)
	at org.testng.Assert.failNotEquals(Assert.java:1577)
	at org.testng.Assert.assertEqualsImpl(Assert.java:149)
	at org.testng.Assert.assertEquals(Assert.java:131)
	at org.testng.Assert.assertEquals(Assert.java:1418)
	at org.testng.Assert.assertEquals(Assert.java:1448)
	at stepDef.D02_invalidInfo.status_code_should_be_for_all_invalid_entries(D02_invalidInfo.java:21)
	at ✽.status code should be 404 for all invalid entries(file:///F:/APIpractice/rest/src/main/resources/features/F02_InvalidInfo.feature:6)
]]></failure>
    <system-out><![CDATA[
@api
Scenario Outline: F02| Try to create a booking with invalid info and retrieve a booking                                                                                              &amp#27;[90m# src/main/resources/features/F02_InvalidInfo.feature:15&amp#27;[0m
Request method:	POST
Request URI:	http://restful-booker.herokuapp.com/booking
Proxy:			<none>
Request params:	<none>
Query params:	<none>
Form params:	<none>
Path params:	<none>
Headers:		Accept=*/*
				Content-Type=application/json
Cookies:		<none>
Multiparts:		<none>
Body:
{
    "firstname": "Samer",
    "additionalneeds": "Burger",
    "bookingdates": {
        "checkin": "2020-02-02",
        "checkout": "string"
    },
    "totalprice": "200",
    "depositpaid": true,
    "lastname": "Tarik"
}
HTTP/1.1 200 OK
Server: Cowboy
Connection: keep-alive
X-Powered-By: Express
Content-Type: application/json; charset=utf-8
Content-Length: 196
Etag: W/"c4-WuNuAVVCQHT1eiGFY+wYk+9ebV0"
Date: Wed, 01 Feb 2023 22:16:08 GMT
Via: 1.1 vegur

{
    "bookingid": 5010,
    "booking": {
        "firstname": "Samer",
        "lastname": "Tarik",
        "totalprice": 200,
        "depositpaid": true,
        "bookingdates": {
            "checkin": "2020-02-02",
            "checkout": "0NaN-aN-aN"
        },
        "additionalneeds": "Burger"
    }
}
{"bookingid":5010,"booking":{"firstname":"Samer","lastname":"Tarik","totalprice":200,"depositpaid":true,"bookingdates":{"checkin":"2020-02-02","checkout":"0NaN-aN-aN"},"additionalneeds":"Burger"}}
  &amp#27;[32mGiven &amp#27;[0m&amp#27;[32mI create a booking with invalid info of &amp#27;[0m&amp#27;[32m&amp#27;[1m"Samer"&amp#27;[0m&amp#27;[32m, last name &amp#27;[0m&amp#27;[32m&amp#27;[1m"Tarik"&amp#27;[0m&amp#27;[32m, total price &amp#27;[0m&amp#27;[32m&amp#27;[1m"200"&amp#27;[0m&amp#27;[32m, deposit paid &amp#27;[0m&amp#27;[32m&amp#27;[1m"true"&amp#27;[0m&amp#27;[32m, check-in &amp#27;[0m&amp#27;[32m&amp#27;[1m"2020-02-02"&amp#27;[0m&amp#27;[32m, check-out &amp#27;[0m&amp#27;[32m&amp#27;[1m"string"&amp#27;[0m&amp#27;[32m, &amp#27;[0m&amp#27;[32m&amp#27;[1m"Burger"&amp#27;[0m&amp#27;[32m successfully&amp#27;[0m &amp#27;[90m# stepDef.D02_invalidInfo.i_create_a_booking_with_invalid_info_of_last_name_total_price_deposit_paid_check_in_check_out_successfully(java.lang.String,java.lang.String,java.lang.String,java.lang.String,java.lang.String,java.lang.String,java.lang.String)&amp#27;[0m
  &amp#27;[31mThen &amp#27;[0m&amp#27;[31mstatus code should be &amp#27;[0m&amp#27;[31m&amp#27;[1m404&amp#27;[0m&amp#27;[31m for all invalid entries&amp#27;[0m                                                                                                                             &amp#27;[90m# stepDef.D02_invalidInfo.status_code_should_be_for_all_invalid_entries(java.lang.Integer)&amp#27;[0m
      &amp#27;[31mjava.lang.AssertionError: expected [404] but found [200]
	at org.testng.Assert.fail(Assert.java:110)
	at org.testng.Assert.failNotEquals(Assert.java:1577)
	at org.testng.Assert.assertEqualsImpl(Assert.java:149)
	at org.testng.Assert.assertEquals(Assert.java:131)
	at org.testng.Assert.assertEquals(Assert.java:1418)
	at org.testng.Assert.assertEquals(Assert.java:1448)
	at stepDef.D02_invalidInfo.status_code_should_be_for_all_invalid_entries(D02_invalidInfo.java:21)
	at âœ½.status code should be 404 for all invalid entries(file:///F:/APIpractice/rest/src/main/resources/features/F02_InvalidInfo.feature:6)
&amp#27;[0m
]]></system-out>
  </testcase>
  <testcase name="runScenario[&quot;F02| Try to create a booking with invalid info and retrieve a booking&quot;, &quot;Booking API with invalid info&quot;](10)" classname="testrunner.runners" time="0.333">
    <failure message="expected [404] but found [200]" type="java.lang.AssertionError"><![CDATA[java.lang.AssertionError: expected [404] but found [200]
	at org.testng.Assert.fail(Assert.java:110)
	at org.testng.Assert.failNotEquals(Assert.java:1577)
	at org.testng.Assert.assertEqualsImpl(Assert.java:149)
	at org.testng.Assert.assertEquals(Assert.java:131)
	at org.testng.Assert.assertEquals(Assert.java:1418)
	at org.testng.Assert.assertEquals(Assert.java:1448)
	at stepDef.D02_invalidInfo.status_code_should_be_for_all_invalid_entries(D02_invalidInfo.java:21)
	at ✽.status code should be 404 for all invalid entries(file:///F:/APIpractice/rest/src/main/resources/features/F02_InvalidInfo.feature:6)
]]></failure>
    <system-out><![CDATA[
@api
Scenario Outline: F02| Try to create a booking with invalid info and retrieve a booking                                                                                               &amp#27;[90m# src/main/resources/features/F02_InvalidInfo.feature:16&amp#27;[0m
Request method:	POST
Request URI:	http://restful-booker.herokuapp.com/booking
Proxy:			<none>
Request params:	<none>
Query params:	<none>
Form params:	<none>
Path params:	<none>
Headers:		Accept=*/*
				Content-Type=application/json
Cookies:		<none>
Multiparts:		<none>
Body:
{
    "firstname": "15",
    "additionalneeds": "Burger",
    "bookingdates": {
        "checkin": "2020-02-01",
        "checkout": "2020-02-02"
    },
    "totalprice": "200",
    "depositpaid": true,
    "lastname": "Tarik"
}
HTTP/1.1 200 OK
Server: Cowboy
Connection: keep-alive
X-Powered-By: Express
Content-Type: application/json; charset=utf-8
Content-Length: 193
Etag: W/"c1-aM8qdM2c4d/y9Loc5/pOvIW6ZTI"
Date: Wed, 01 Feb 2023 22:16:08 GMT
Via: 1.1 vegur

{
    "bookingid": 5017,
    "booking": {
        "firstname": "15",
        "lastname": "Tarik",
        "totalprice": 200,
        "depositpaid": true,
        "bookingdates": {
            "checkin": "2020-02-01",
            "checkout": "2020-02-02"
        },
        "additionalneeds": "Burger"
    }
}
{"bookingid":5017,"booking":{"firstname":"15","lastname":"Tarik","totalprice":200,"depositpaid":true,"bookingdates":{"checkin":"2020-02-01","checkout":"2020-02-02"},"additionalneeds":"Burger"}}
  &amp#27;[32mGiven &amp#27;[0m&amp#27;[32mI create a booking with invalid info of &amp#27;[0m&amp#27;[32m&amp#27;[1m"15"&amp#27;[0m&amp#27;[32m, last name &amp#27;[0m&amp#27;[32m&amp#27;[1m"Tarik"&amp#27;[0m&amp#27;[32m, total price &amp#27;[0m&amp#27;[32m&amp#27;[1m"200"&amp#27;[0m&amp#27;[32m, deposit paid &amp#27;[0m&amp#27;[32m&amp#27;[1m"true"&amp#27;[0m&amp#27;[32m, check-in &amp#27;[0m&amp#27;[32m&amp#27;[1m"2020-02-01"&amp#27;[0m&amp#27;[32m, check-out &amp#27;[0m&amp#27;[32m&amp#27;[1m"2020-02-02"&amp#27;[0m&amp#27;[32m, &amp#27;[0m&amp#27;[32m&amp#27;[1m"Burger"&amp#27;[0m&amp#27;[32m successfully&amp#27;[0m &amp#27;[90m# stepDef.D02_invalidInfo.i_create_a_booking_with_invalid_info_of_last_name_total_price_deposit_paid_check_in_check_out_successfully(java.lang.String,java.lang.String,java.lang.String,java.lang.String,java.lang.String,java.lang.String,java.lang.String)&amp#27;[0m
  &amp#27;[31mThen &amp#27;[0m&amp#27;[31mstatus code should be &amp#27;[0m&amp#27;[31m&amp#27;[1m404&amp#27;[0m&amp#27;[31m for all invalid entries&amp#27;[0m                                                                                                                              &amp#27;[90m# stepDef.D02_invalidInfo.status_code_should_be_for_all_invalid_entries(java.lang.Integer)&amp#27;[0m
      &amp#27;[31mjava.lang.AssertionError: expected [404] but found [200]
	at org.testng.Assert.fail(Assert.java:110)
	at org.testng.Assert.failNotEquals(Assert.java:1577)
	at org.testng.Assert.assertEqualsImpl(Assert.java:149)
	at org.testng.Assert.assertEquals(Assert.java:131)
	at org.testng.Assert.assertEquals(Assert.java:1418)
	at org.testng.Assert.assertEquals(Assert.java:1448)
	at stepDef.D02_invalidInfo.status_code_should_be_for_all_invalid_entries(D02_invalidInfo.java:21)
	at âœ½.status code should be 404 for all invalid entries(file:///F:/APIpractice/rest/src/main/resources/features/F02_InvalidInfo.feature:6)
&amp#27;[0m
]]></system-out>
  </testcase>
  <testcase name="runScenario[&quot;F02| Try to create a booking with invalid info and retrieve a booking&quot;, &quot;Booking API with invalid info&quot;](11)" classname="testrunner.runners" time="0.332">
    <failure message="expected [404] but found [200]" type="java.lang.AssertionError"><![CDATA[java.lang.AssertionError: expected [404] but found [200]
	at org.testng.Assert.fail(Assert.java:110)
	at org.testng.Assert.failNotEquals(Assert.java:1577)
	at org.testng.Assert.assertEqualsImpl(Assert.java:149)
	at org.testng.Assert.assertEquals(Assert.java:131)
	at org.testng.Assert.assertEquals(Assert.java:1418)
	at org.testng.Assert.assertEquals(Assert.java:1448)
	at stepDef.D02_invalidInfo.status_code_should_be_for_all_invalid_entries(D02_invalidInfo.java:21)
	at ✽.status code should be 404 for all invalid entries(file:///F:/APIpractice/rest/src/main/resources/features/F02_InvalidInfo.feature:6)
]]></failure>
    <system-out><![CDATA[
@api
Scenario Outline: F02| Try to create a booking with invalid info and retrieve a booking                                                                                               &amp#27;[90m# src/main/resources/features/F02_InvalidInfo.feature:17&amp#27;[0m
Request method:	POST
Request URI:	http://restful-booker.herokuapp.com/booking
Proxy:			<none>
Request params:	<none>
Query params:	<none>
Form params:	<none>
Path params:	<none>
Headers:		Accept=*/*
				Content-Type=application/json
Cookies:		<none>
Multiparts:		<none>
Body:
{
    "firstname": "Samer",
    "additionalneeds": "Burger",
    "bookingdates": {
        "checkin": "2020-02-01",
        "checkout": "2020-02-02"
    },
    "totalprice": "200",
    "depositpaid": true,
    "lastname": "15"
}
HTTP/1.1 200 OK
Server: Cowboy
Connection: keep-alive
X-Powered-By: Express
Content-Type: application/json; charset=utf-8
Content-Length: 193
Etag: W/"c1-kqx6ESLuxGkGrUr1UGrFyi93rpE"
Date: Wed, 01 Feb 2023 22:16:08 GMT
Via: 1.1 vegur

{
    "bookingid": 5023,
    "booking": {
        "firstname": "Samer",
        "lastname": "15",
        "totalprice": 200,
        "depositpaid": true,
        "bookingdates": {
            "checkin": "2020-02-01",
            "checkout": "2020-02-02"
        },
        "additionalneeds": "Burger"
    }
}
{"bookingid":5023,"booking":{"firstname":"Samer","lastname":"15","totalprice":200,"depositpaid":true,"bookingdates":{"checkin":"2020-02-01","checkout":"2020-02-02"},"additionalneeds":"Burger"}}
  &amp#27;[32mGiven &amp#27;[0m&amp#27;[32mI create a booking with invalid info of &amp#27;[0m&amp#27;[32m&amp#27;[1m"Samer"&amp#27;[0m&amp#27;[32m, last name &amp#27;[0m&amp#27;[32m&amp#27;[1m"15"&amp#27;[0m&amp#27;[32m, total price &amp#27;[0m&amp#27;[32m&amp#27;[1m"200"&amp#27;[0m&amp#27;[32m, deposit paid &amp#27;[0m&amp#27;[32m&amp#27;[1m"true"&amp#27;[0m&amp#27;[32m, check-in &amp#27;[0m&amp#27;[32m&amp#27;[1m"2020-02-01"&amp#27;[0m&amp#27;[32m, check-out &amp#27;[0m&amp#27;[32m&amp#27;[1m"2020-02-02"&amp#27;[0m&amp#27;[32m, &amp#27;[0m&amp#27;[32m&amp#27;[1m"Burger"&amp#27;[0m&amp#27;[32m successfully&amp#27;[0m &amp#27;[90m# stepDef.D02_invalidInfo.i_create_a_booking_with_invalid_info_of_last_name_total_price_deposit_paid_check_in_check_out_successfully(java.lang.String,java.lang.String,java.lang.String,java.lang.String,java.lang.String,java.lang.String,java.lang.String)&amp#27;[0m
  &amp#27;[31mThen &amp#27;[0m&amp#27;[31mstatus code should be &amp#27;[0m&amp#27;[31m&amp#27;[1m404&amp#27;[0m&amp#27;[31m for all invalid entries&amp#27;[0m                                                                                                                              &amp#27;[90m# stepDef.D02_invalidInfo.status_code_should_be_for_all_invalid_entries(java.lang.Integer)&amp#27;[0m
      &amp#27;[31mjava.lang.AssertionError: expected [404] but found [200]
	at org.testng.Assert.fail(Assert.java:110)
	at org.testng.Assert.failNotEquals(Assert.java:1577)
	at org.testng.Assert.assertEqualsImpl(Assert.java:149)
	at org.testng.Assert.assertEquals(Assert.java:131)
	at org.testng.Assert.assertEquals(Assert.java:1418)
	at org.testng.Assert.assertEquals(Assert.java:1448)
	at stepDef.D02_invalidInfo.status_code_should_be_for_all_invalid_entries(D02_invalidInfo.java:21)
	at âœ½.status code should be 404 for all invalid entries(file:///F:/APIpractice/rest/src/main/resources/features/F02_InvalidInfo.feature:6)
&amp#27;[0m
]]></system-out>
  </testcase>
  <testcase name="runScenario[&quot;F03|  User sends a get request to get all the booking ids&quot;, &quot;Retrieve All booking ids&quot;](12)" classname="testrunner.runners" time="1.941">
    <system-out><![CDATA[
@api
Scenario: F03|  User sends a get request to get all the booking ids &amp#27;[90m# src/main/resources/features/F03_userRetrieveAllBooking.feature:4&amp#27;[0m
Request method:	GET
Request URI:	http://restful-booker.herokuapp.com/booking
Proxy:			<none>
Request params:	<none>
Query params:	<none>
Form params:	<none>
Path params:	<none>
Headers:		Accept=*/*
Cookies:		<none>
Multiparts:		<none>
Body:			<none>
HTTP/1.1 200 OK
Server: Cowboy
Connection: keep-alive
X-Powered-By: Express
Content-Type: application/json; charset=utf-8
Content-Length: 64476
Etag: W/"fbdc-K14jvKvJQV9+QE1VjIAzB4arC5M"
Date: Wed, 01 Feb 2023 22:16:09 GMT
Via: 1.1 vegur

[
    {
        "bookingid": 4405
    },
    {
        "bookingid": 2919
    },
    {
        "bookingid": 718
    },
    {
        "bookingid": 1603
    },
    {
        "bookingid": 350
    },
    {
        "bookingid": 728
    },
    {
        "bookingid": 387
    },
    {
        "bookingid": 4861
    },
    {
        "bookingid": 1006
    },
    {
        "bookingid": 1412
    },
    {
        "bookingid": 2147
    },
    {
        "bookingid": 3750
    },
    {
        "bookingid": 2590
    },
    {
        "bookingid": 2445
    },
    {
        "bookingid": 1273
    },
    {
        "bookingid": 3080
    },
    {
        "bookingid": 1707
    },
    {
        "bookingid": 128
    },
    {
        "bookingid": 2514
    },
    {
        "bookingid": 2695
    },
    {
        "bookingid": 66
    },
    {
        "bookingid": 763
    },
    {
        "bookingid": 4426
    },
    {
        "bookingid": 406
    },
    {
        "bookingid": 3485
    },
    {
        "bookingid": 1059
    },
    {
        "bookingid": 3727
    },
    {
        "bookingid": 627
    },
    {
        "bookingid": 894
    },
    {
        "bookingid": 4953
    },
    {
        "bookingid": 4096
    },
    {
        "bookingid": 2258
    },
    {
        "bookingid": 2829
    },
    {
        "bookingid": 1844
    },
    {
        "bookingid": 2861
    },
    {
        "bookingid": 650
    },
    {
        "bookingid": 3459
    },
    {
        "bookingid": 4157
    },
    {
        "bookingid": 4172
    },
    {
        "bookingid": 3033
    },
    {
        "bookingid": 407
    },
    {
        "bookingid": 1469
    },
    {
        "bookingid": 3866
    },
    {
        "bookingid": 4813
    },
    {
        "bookingid": 1355
    },
    {
        "bookingid": 2389
    },
    {
        "bookingid": 3889
    },
    {
        "bookingid": 3346
    },
    {
        "bookingid": 4419
    },
    {
        "bookingid": 437
    },
    {
        "bookingid": 1635
    },
    {
        "bookingid": 2910
    },
    {
        "bookingid": 3090
    },
    {
        "bookingid": 4015
    },
    {
        "bookingid": 4773
    },
    {
        "bookingid": 502
    },
    {
        "bookingid": 3634
    },
    {
        "bookingid": 1681
    },
    {
        "bookingid": 3567
    },
    {
        "bookingid": 5003
    },
    {
        "bookingid": 1014
    },
    {
        "bookingid": 2426
    },
    {
        "bookingid": 4946
    },
    {
        "bookingid": 3378
    },
    {
        "bookingid": 610
    },
    {
        "bookingid": 4263
    },
    {
        "bookingid": 1798
    },
    {
        "bookingid": 4682
    },
    {
        "bookingid": 805
    },
    {
        "bookingid": 2459
    },
    {
        "bookingid": 2145
    },
    {
        "bookingid": 3616
    },
    {
        "bookingid": 3191
    },
    {
        "bookingid": 3966
    },
    {
        "bookingid": 5030
    },
    {
        "bookingid": 3179
    },
    {
        "bookingid": 3902
    },
    {
        "bookingid": 1838
    },
    {
        "bookingid": 795
    },
    {
        "bookingid": 1425
    },
    {
        "bookingid": 2180
    },
    {
        "bookingid": 1628
    },
    {
        "bookingid": 4960
    },
    {
        "bookingid": 2314
    },
    {
        "bookingid": 3026
    },
    {
        "bookingid": 4031
    },
    {
        "bookingid": 468
    },
    {
        "bookingid": 3576
    },
    {
        "bookingid": 2028
    },
    {
        "bookingid": 861
    },
    {
        "bookingid": 521
    },
    {
        "bookingid": 3402
    },
    {
        "bookingid": 2602
    },
    {
        "bookingid": 2928
    },
    {
        "bookingid": 550
    },
    {
        "bookingid": 4908
    },
    {
        "bookingid": 671
    },
    {
        "bookingid": 2896
    },
    {
        "bookingid": 2391
    },
    {
        "bookingid": 3697
    },
    {
        "bookingid": 4434
    },
    {
        "bookingid": 2804
    },
    {
        "bookingid": 3891
    },
    {
        "bookingid": 1449
    },
    {
        "bookingid": 3589
    },
    {
        "bookingid": 790
    },
    {
        "bookingid": 3931
    },
    {
        "bookingid": 532
    },
    {
        "bookingid": 3295
    },
    {
        "bookingid": 4209
    },
    {
        "bookingid": 4805
    },
    {
        "bookingid": 603
    },
    {
        "bookingid": 2577
    },
    {
        "bookingid": 4759
    },
    {
        "bookingid": 1756
    },
    {
        "bookingid": 1070
    },
    {
        "bookingid": 1214
    },
    {
        "bookingid": 1427
    },
    {
        "bookingid": 3125
    },
    {
        "bookingid": 4649
    },
    {
        "bookingid": 4384
    },
    {
        "bookingid": 2211
    },
    {
        "bookingid": 4913
    },
    {
        "bookingid": 207
    },
    {
        "bookingid": 3860
    },
    {
        "bookingid": 4104
    },
    {
        "bookingid": 2649
    },
    {
        "bookingid": 1221
    },
    {
        "bookingid": 4782
    },
    {
        "bookingid": 4143
    },
    {
        "bookingid": 3041
    },
    {
        "bookingid": 1055
    },
    {
        "bookingid": 74
    },
    {
        "bookingid": 2751
    },
    {
        "bookingid": 3407
    },
    {
        "bookingid": 1205
    },
    {
        "bookingid": 955
    },
    {
        "bookingid": 3561
    },
    {
        "bookingid": 3975
    },
    {
        "bookingid": 766
    },
    {
        "bookingid": 1767
    },
    {
        "bookingid": 1639
    },
    {
        "bookingid": 2038
    },
    {
        "bookingid": 1289
    },
    {
        "bookingid": 4266
    },
    {
        "bookingid": 1457
    },
    {
        "bookingid": 3335
    },
    {
        "bookingid": 158
    },
    {
        "bookingid": 1806
    },
    {
        "bookingid": 2181
    },
    {
        "bookingid": 187
    },
    {
        "bookingid": 1804
    },
    {
        "bookingid": 3810
    },
    {
        "bookingid": 4603
    },
    {
        "bookingid": 1391
    },
    {
        "bookingid": 53
    },
    {
        "bookingid": 4598
    },
    {
        "bookingid": 3168
    },
    {
        "bookingid": 495
    },
    {
        "bookingid": 3325
    },
    {
        "bookingid": 4855
    },
    {
        "bookingid": 1697
    },
    {
        "bookingid": 928
    },
    {
        "bookingid": 4320
    },
    {
        "bookingid": 4424
    },
    {
        "bookingid": 2838
    },
    {
        "bookingid": 3176
    },
    {
        "bookingid": 823
    },
    {
        "bookingid": 4508
    },
    {
        "bookingid": 1414
    },
    {
        "bookingid": 1589
    },
    {
        "bookingid": 2743
    },
    {
        "bookingid": 4242
    },
    {
        "bookingid": 3712
    },
    {
        "bookingid": 2748
    },
    {
        "bookingid": 3491
    },
    {
        "bookingid": 143
    },
    {
        "bookingid": 4432
    },
    {
        "bookingid": 248
    },
    {
        "bookingid": 1212
    },
    {
        "bookingid": 2158
    },
    {
        "bookingid": 2746
    },
    {
        "bookingid": 591
    },
    {
        "bookingid": 3901
    },
    {
        "bookingid": 4532
    },
    {
        "bookingid": 4036
    },
    {
        "bookingid": 4746
    },
    {
        "bookingid": 1396
    },
    {
        "bookingid": 1646
    },
    {
        "bookingid": 4990
    },
    {
        "bookingid": 653
    },
    {
        "bookingid": 3930
    },
    {
        "bookingid": 3463
    },
    {
        "bookingid": 1919
    },
    {
        "bookingid": 3461
    },
    {
        "bookingid": 3230
    },
    {
        "bookingid": 1553
    },
    {
        "bookingid": 744
    },
    {
        "bookingid": 2017
    },
    {
        "bookingid": 1781
    },
    {
        "bookingid": 2769
    },
    {
        "bookingid": 1389
    },
    {
        "bookingid": 2290
    },
    {
        "bookingid": 679
    },
    {
        "bookingid": 2237
    },
    {
        "bookingid": 4025
    },
    {
        "bookingid": 3953
    },
    {
        "bookingid": 4488
    },
    {
        "bookingid": 944
    },
    {
        "bookingid": 4770
    },
    {
        "bookingid": 418
    },
    {
        "bookingid": 5008
    },
    {
        "bookingid": 1680
    },
    {
        "bookingid": 3520
    },
    {
        "bookingid": 4184
    },
    {
        "bookingid": 1532
    },
    {
        "bookingid": 4833
    },
    {
        "bookingid": 2611
    },
    {
        "bookingid": 3495
    },
    {
        "bookingid": 3665
    },
    {
        "bookingid": 202
    },
    {
        "bookingid": 339
    },
    {
        "bookingid": 4365
    },
    {
        "bookingid": 971
    },
    {
        "bookingid": 2173
    },
    {
        "bookingid": 3529
    },
    {
        "bookingid": 4715
    },
    {
        "bookingid": 3575
    },
    {
        "bookingid": 2364
    },
    {
        "bookingid": 3440
    },
    {
        "bookingid": 2633
    },
    {
        "bookingid": 863
    },
    {
        "bookingid": 3871
    },
    {
        "bookingid": 2711
    },
    {
        "bookingid": 2984
    },
    {
        "bookingid": 4823
    },
    {
        "bookingid": 1028
    },
    {
        "bookingid": 4498
    },
    {
        "bookingid": 1239
    },
    {
        "bookingid": 1992
    },
    {
        "bookingid": 2793
    },
    {
        "bookingid": 2580
    },
    {
        "bookingid": 124
    },
    {
        "bookingid": 2783
    },
    {
        "bookingid": 4383
    },
    {
        "bookingid": 3980
    },
    {
        "bookingid": 3076
    },
    {
        "bookingid": 2033
    },
    {
        "bookingid": 1012
    },
    {
        "bookingid": 2532
    },
    {
        "bookingid": 2259
    },
    {
        "bookingid": 995
    },
    {
        "bookingid": 1366
    },
    {
        "bookingid": 818
    },
    {
        "bookingid": 4442
    },
    {
        "bookingid": 6
    },
    {
        "bookingid": 426
    },
    {
        "bookingid": 2531
    },
    {
        "bookingid": 101
    },
    {
        "bookingid": 19
    },
    {
        "bookingid": 3039
    },
    {
        "bookingid": 8
    },
    {
        "bookingid": 2309
    },
    {
        "bookingid": 3004
    },
    {
        "bookingid": 4198
    },
    {
        "bookingid": 3082
    },
    {
        "bookingid": 3417
    },
    {
        "bookingid": 1299
    },
    {
        "bookingid": 2784
    },
    {
        "bookingid": 786
    },
    {
        "bookingid": 2267
    },
    {
        "bookingid": 389
    },
    {
        "bookingid": 467
    },
    {
        "bookingid": 403
    },
    {
        "bookingid": 3741
    },
    {
        "bookingid": 301
    },
    {
        "bookingid": 4675
    },
    {
        "bookingid": 1531
    },
    {
        "bookingid": 1245
    },
    {
        "bookingid": 1881
    },
    {
        "bookingid": 563
    },
    {
        "bookingid": 4986
    },
    {
        "bookingid": 5005
    },
    {
        "bookingid": 717
    },
    {
        "bookingid": 3735
    },
    {
        "bookingid": 1261
    },
    {
        "bookingid": 711
    },
    {
        "bookingid": 4331
    },
    {
        "bookingid": 3695
    },
    {
        "bookingid": 2450
    },
    {
        "bookingid": 4510
    },
    {
        "bookingid": 712
    },
    {
        "bookingid": 1709
    },
    {
        "bookingid": 1570
    },
    {
        "bookingid": 1395
    },
    {
        "bookingid": 1966
    },
    {
        "bookingid": 3455
    },
    {
        "bookingid": 3001
    },
    {
        "bookingid": 3285
    },
    {
        "bookingid": 2087
    },
    {
        "bookingid": 3842
    },
    {
        "bookingid": 897
    },
    {
        "bookingid": 149
    },
    {
        "bookingid": 4842
    },
    {
        "bookingid": 1945
    },
    {
        "bookingid": 3118
    },
    {
        "bookingid": 4978
    },
    {
        "bookingid": 3311
    },
    {
        "bookingid": 1720
    },
    {
        "bookingid": 4866
    },
    {
        "bookingid": 3106
    },
    {
        "bookingid": 2703
    },
    {
        "bookingid": 3568
    },
    {
        "bookingid": 2498
    },
    {
        "bookingid": 3489
    },
    {
        "bookingid": 2967
    },
    {
        "bookingid": 1551
    },
    {
        "bookingid": 1888
    },
    {
        "bookingid": 17
    },
    {
        "bookingid": 3990
    },
    {
        "bookingid": 2174
    },
    {
        "bookingid": 2665
    },
    {
        "bookingid": 3078
    },
    {
        "bookingid": 4180
    },
    {
        "bookingid": 1535
    },
    {
        "bookingid": 4155
    },
    {
        "bookingid": 4406
    },
    {
        "bookingid": 3276
    },
    {
        "bookingid": 1501
    },
    {
        "bookingid": 494
    },
    {
        "bookingid": 4102
    },
    {
        "bookingid": 504
    },
    {
        "bookingid": 596
    },
    {
        "bookingid": 2370
    },
    {
        "bookingid": 3777
    },
    {
        "bookingid": 213
    },
    {
        "bookingid": 1237
    },
    {
        "bookingid": 4313
    },
    {
        "bookingid": 3326
    },
    {
        "bookingid": 3819
    },
    {
        "bookingid": 3017
    },
    {
        "bookingid": 3265
    },
    {
        "bookingid": 265
    },
    {
        "bookingid": 51
    },
    {
        "bookingid": 3707
    },
    {
        "bookingid": 3772
    },
    {
        "bookingid": 3654
    },
    {
        "bookingid": 1876
    },
    {
        "bookingid": 4776
    },
    {
        "bookingid": 3869
    },
    {
        "bookingid": 3109
    },
    {
        "bookingid": 1485
    },
    {
        "bookingid": 3395
    },
    {
        "bookingid": 1497
    },
    {
        "bookingid": 177
    },
    {
        "bookingid": 3126
    },
    {
        "bookingid": 4175
    },
    {
        "bookingid": 3374
    },
    {
        "bookingid": 2940
    },
    {
        "bookingid": 3978
    },
    {
        "bookingid": 788
    },
    {
        "bookingid": 2444
    },
    {
        "bookingid": 514
    },
    {
        "bookingid": 4495
    },
    {
        "bookingid": 4078
    },
    {
        "bookingid": 413
    },
    {
        "bookingid": 2524
    },
    {
        "bookingid": 936
    },
    {
        "bookingid": 1694
    },
    {
        "bookingid": 4193
    },
    {
        "bookingid": 1998
    },
    {
        "bookingid": 4915
    },
    {
        "bookingid": 2378
    },
    {
        "bookingid": 438
    },
    {
        "bookingid": 2188
    },
    {
        "bookingid": 2004
    },
    {
        "bookingid": 1745
    },
    {
        "bookingid": 4906
    },
    {
        "bookingid": 4210
    },
    {
        "bookingid": 4231
    },
    {
        "bookingid": 4483
    },
    {
        "bookingid": 4455
    },
    {
        "bookingid": 2369
    },
    {
        "bookingid": 1582
    },
    {
        "bookingid": 723
    },
    {
        "bookingid": 2698
    },
    {
        "bookingid": 4187
    },
    {
        "bookingid": 2202
    },
    {
        "bookingid": 3061
    },
    {
        "bookingid": 1598
    },
    {
        "bookingid": 2849
    },
    {
        "bookingid": 4625
    },
    {
        "bookingid": 1129
    },
    {
        "bookingid": 539
    },
    {
        "bookingid": 2088
    },
    {
        "bookingid": 2457
    },
    {
        "bookingid": 269
    },
    {
        "bookingid": 3796
    },
    {
        "bookingid": 609
    },
    {
        "bookingid": 404
    },
    {
        "bookingid": 4166
    },
    {
        "bookingid": 2970
    },
    {
        "bookingid": 2100
    },
    {
        "bookingid": 2224
    },
    {
        "bookingid": 1189
    },
    {
        "bookingid": 4546
    },
    {
        "bookingid": 1499
    },
    {
        "bookingid": 1352
    },
    {
        "bookingid": 421
    },
    {
        "bookingid": 1074
    },
    {
        "bookingid": 3916
    },
    {
        "bookingid": 1803
    },
    {
        "bookingid": 940
    },
    {
        "bookingid": 4479
    },
    {
        "bookingid": 1284
    },
    {
        "bookingid": 2115
    },
    {
        "bookingid": 664
    },
    {
        "bookingid": 4712
    },
    {
        "bookingid": 4075
    },
    {
        "bookingid": 1254
    },
    {
        "bookingid": 444
    },
    {
        "bookingid": 3536
    },
    {
        "bookingid": 2490
    },
    {
        "bookingid": 2603
    },
    {
        "bookingid": 4079
    },
    {
        "bookingid": 300
    },
    {
        "bookingid": 594
    },
    {
        "bookingid": 1433
    },
    {
        "bookingid": 2122
    },
    {
        "bookingid": 4001
    },
    {
        "bookingid": 3579
    },
    {
        "bookingid": 2479
    },
    {
        "bookingid": 1821
    },
    {
        "bookingid": 4962
    },
    {
        "bookingid": 168
    },
    {
        "bookingid": 2802
    },
    {
        "bookingid": 1895
    },
    {
        "bookingid": 942
    },
    {
        "bookingid": 239
    },
    {
        "bookingid": 3040
    },
    {
        "bookingid": 2908
    },
    {
        "bookingid": 639
    },
    {
        "bookingid": 3361
    },
    {
        "bookingid": 3911
    },
    {
        "bookingid": 2565
    },
    {
        "bookingid": 3388
    },
    {
        "bookingid": 4553
    },
    {
        "bookingid": 3779
    },
    {
        "bookingid": 709
    },
    {
        "bookingid": 2155
    },
    {
        "bookingid": 3564
    },
    {
        "bookingid": 1246
    },
    {
        "bookingid": 4954
    },
    {
        "bookingid": 3449
    },
    {
        "bookingid": 900
    },
    {
        "bookingid": 3351
    },
    {
        "bookingid": 1158
    },
    {
        "bookingid": 4211
    },
    {
        "bookingid": 4710
    },
    {
        "bookingid": 4485
    },
    {
        "bookingid": 4875
    },
    {
        "bookingid": 658
    },
    {
        "bookingid": 700
    },
    {
        "bookingid": 4795
    },
    {
        "bookingid": 1615
    },
    {
        "bookingid": 1340
    },
    {
        "bookingid": 1679
    },
    {
        "bookingid": 1153
    },
    {
        "bookingid": 2337
    },
    {
        "bookingid": 2622
    },
    {
        "bookingid": 4877
    },
    {
        "bookingid": 2907
    },
    {
        "bookingid": 2993
    },
    {
        "bookingid": 4733
    },
    {
        "bookingid": 806
    },
    {
        "bookingid": 4312
    },
    {
        "bookingid": 2586
    },
    {
        "bookingid": 2915
    },
    {
        "bookingid": 2446
    },
    {
        "bookingid": 390
    },
    {
        "bookingid": 4525
    },
    {
        "bookingid": 4453
    },
    {
        "bookingid": 2
    },
    {
        "bookingid": 5
    },
    {
        "bookingid": 3169
    },
    {
        "bookingid": 513
    },
    {
        "bookingid": 2702
    },
    {
        "bookingid": 1481
    },
    {
        "bookingid": 1778
    },
    {
        "bookingid": 1257
    },
    {
        "bookingid": 3490
    },
    {
        "bookingid": 1211
    },
    {
        "bookingid": 978
    },
    {
        "bookingid": 2697
    },
    {
        "bookingid": 3131
    },
    {
        "bookingid": 4091
    },
    {
        "bookingid": 2974
    },
    {
        "bookingid": 1874
    },
    {
        "bookingid": 2140
    },
    {
        "bookingid": 4885
    },
    {
        "bookingid": 4762
    },
    {
        "bookingid": 1296
    },
    {
        "bookingid": 849
    },
    {
        "bookingid": 4820
    },
    {
        "bookingid": 1993
    },
    {
        "bookingid": 4110
    },
    {
        "bookingid": 641
    },
    {
        "bookingid": 4360
    },
    {
        "bookingid": 3333
    },
    {
        "bookingid": 2204
    },
    {
        "bookingid": 4306
    },
    {
        "bookingid": 4982
    },
    {
        "bookingid": 433
    },
    {
        "bookingid": 2799
    },
    {
        "bookingid": 4932
    },
    {
        "bookingid": 1724
    },
    {
        "bookingid": 1561
    },
    {
        "bookingid": 616
    },
    {
        "bookingid": 3362
    },
    {
        "bookingid": 1873
    },
    {
        "bookingid": 1042
    },
    {
        "bookingid": 2759
    },
    {
        "bookingid": 3334
    },
    {
        "bookingid": 926
    },
    {
        "bookingid": 2467
    },
    {
        "bookingid": 1563
    },
    {
        "bookingid": 170
    },
    {
        "bookingid": 361
    },
    {
        "bookingid": 4462
    },
    {
        "bookingid": 3262
    },
    {
        "bookingid": 2266
    },
    {
        "bookingid": 4008
    },
    {
        "bookingid": 4043
    },
    {
        "bookingid": 3740
    },
    {
        "bookingid": 3864
    },
    {
        "bookingid": 2883
    },
    {
        "bookingid": 4809
    },
    {
        "bookingid": 3982
    },
    {
        "bookingid": 1890
    },
    {
        "bookingid": 1617
    },
    {
        "bookingid": 3868
    },
    {
        "bookingid": 83
    },
    {
        "bookingid": 3825
    },
    {
        "bookingid": 2044
    },
    {
        "bookingid": 3320
    },
    {
        "bookingid": 281
    },
    {
        "bookingid": 2253
    },
    {
        "bookingid": 2680
    },
    {
        "bookingid": 2323
    },
    {
        "bookingid": 442
    },
    {
        "bookingid": 941
    },
    {
        "bookingid": 2679
    },
    {
        "bookingid": 3535
    },
    {
        "bookingid": 2774
    },
    {
        "bookingid": 1909
    },
    {
        "bookingid": 1170
    },
    {
        "bookingid": 3799
    },
    {
        "bookingid": 3282
    },
    {
        "bookingid": 895
    },
    {
        "bookingid": 4973
    },
    {
        "bookingid": 1193
    },
    {
        "bookingid": 3935
    },
    {
        "bookingid": 4664
    },
    {
        "bookingid": 1515
    },
    {
        "bookingid": 3470
    },
    {
        "bookingid": 405
    },
    {
        "bookingid": 1695
    },
    {
        "bookingid": 3570
    },
    {
        "bookingid": 3502
    },
    {
        "bookingid": 741
    },
    {
        "bookingid": 1394
    },
    {
        "bookingid": 681
    },
    {
        "bookingid": 3590
    },
    {
        "bookingid": 5006
    },
    {
        "bookingid": 287
    },
    {
        "bookingid": 455
    },
    {
        "bookingid": 3048
    },
    {
        "bookingid": 1114
    },
    {
        "bookingid": 3382
    },
    {
        "bookingid": 575
    },
    {
        "bookingid": 4402
    },
    {
        "bookingid": 888
    },
    {
        "bookingid": 5011
    },
    {
        "bookingid": 3280
    },
    {
        "bookingid": 2955
    },
    {
        "bookingid": 635
    },
    {
        "bookingid": 535
    },
    {
        "bookingid": 1693
    },
    {
        "bookingid": 2162
    },
    {
        "bookingid": 5024
    },
    {
        "bookingid": 1095
    },
    {
        "bookingid": 2403
    },
    {
        "bookingid": 932
    },
    {
        "bookingid": 2678
    },
    {
        "bookingid": 1840
    },
    {
        "bookingid": 3792
    },
    {
        "bookingid": 533
    },
    {
        "bookingid": 4503
    },
    {
        "bookingid": 3471
    },
    {
        "bookingid": 368
    },
    {
        "bookingid": 2798
    },
    {
        "bookingid": 3552
    },
    {
        "bookingid": 727
    },
    {
        "bookingid": 1593
    },
    {
        "bookingid": 1139
    },
    {
        "bookingid": 4519
    },
    {
        "bookingid": 4569
    },
    {
        "bookingid": 3626
    },
    {
        "bookingid": 4616
    },
    {
        "bookingid": 3580
    },
    {
        "bookingid": 4983
    },
    {
        "bookingid": 3229
    },
    {
        "bookingid": 4626
    },
    {
        "bookingid": 2031
    },
    {
        "bookingid": 428
    },
    {
        "bookingid": 1698
    },
    {
        "bookingid": 258
    },
    {
        "bookingid": 3032
    },
    {
        "bookingid": 1931
    },
    {
        "bookingid": 1085
    },
    {
        "bookingid": 3925
    },
    {
        "bookingid": 551
    },
    {
        "bookingid": 2413
    },
    {
        "bookingid": 1437
    },
    {
        "bookingid": 2186
    },
    {
        "bookingid": 26
    },
    {
        "bookingid": 1927
    },
    {
        "bookingid": 4065
    },
    {
        "bookingid": 4052
    },
    {
        "bookingid": 825
    },
    {
        "bookingid": 5015
    },
    {
        "bookingid": 3212
    },
    {
        "bookingid": 1736
    },
    {
        "bookingid": 2146
    },
    {
        "bookingid": 2254
    },
    {
        "bookingid": 299
    },
    {
        "bookingid": 666
    },
    {
        "bookingid": 4136
    },
    {
        "bookingid": 2036
    },
    {
        "bookingid": 615
    },
    {
        "bookingid": 2543
    },
    {
        "bookingid": 2760
    },
    {
        "bookingid": 3462
    },
    {
        "bookingid": 254
    },
    {
        "bookingid": 637
    },
    {
        "bookingid": 4700
    },
    {
        "bookingid": 4381
    },
    {
        "bookingid": 2402
    },
    {
        "bookingid": 2841
    },
    {
        "bookingid": 1955
    },
    {
        "bookingid": 2184
    },
    {
        "bookingid": 4268
    },
    {
        "bookingid": 4196
    },
    {
        "bookingid": 1328
    },
    {
        "bookingid": 1307
    },
    {
        "bookingid": 1048
    },
    {
        "bookingid": 2813
    },
    {
        "bookingid": 3498
    },
    {
        "bookingid": 2018
    },
    {
        "bookingid": 669
    },
    {
        "bookingid": 663
    },
    {
        "bookingid": 1941
    },
    {
        "bookingid": 235
    },
    {
        "bookingid": 1507
    },
    {
        "bookingid": 3269
    },
    {
        "bookingid": 2134
    },
    {
        "bookingid": 3151
    },
    {
        "bookingid": 2139
    },
    {
        "bookingid": 3135
    },
    {
        "bookingid": 228
    },
    {
        "bookingid": 3803
    },
    {
        "bookingid": 2507
    },
    {
        "bookingid": 87
    },
    {
        "bookingid": 1622
    },
    {
        "bookingid": 3358
    },
    {
        "bookingid": 2092
    },
    {
        "bookingid": 2412
    },
    {
        "bookingid": 4250
    },
    {
        "bookingid": 4280
    },
    {
        "bookingid": 5004
    },
    {
        "bookingid": 1665
    },
    {
        "bookingid": 3790
    },
    {
        "bookingid": 4708
    },
    {
        "bookingid": 4204
    },
    {
        "bookingid": 1961
    },
    {
        "bookingid": 1851
    },
    {
        "bookingid": 1318
    },
    {
        "bookingid": 808
    },
    {
        "bookingid": 2651
    },
    {
        "bookingid": 3976
    },
    {
        "bookingid": 4891
    },
    {
        "bookingid": 2152
    },
    {
        "bookingid": 1498
    },
    {
        "bookingid": 386
    },
    {
        "bookingid": 378
    },
    {
        "bookingid": 3628
    },
    {
        "bookingid": 980
    },
    {
        "bookingid": 611
    },
    {
        "bookingid": 4843
    },
    {
        "bookingid": 42
    },
    {
        "bookingid": 4613
    },
    {
        "bookingid": 1171
    },
    {
        "bookingid": 1479
    },
    {
        "bookingid": 105
    },
    {
        "bookingid": 2880
    },
    {
        "bookingid": 92
    },
    {
        "bookingid": 4665
    },
    {
        "bookingid": 1146
    },
    {
        "bookingid": 3689
    },
    {
        "bookingid": 906
    },
    {
        "bookingid": 757
    },
    {
        "bookingid": 3566
    },
    {
        "bookingid": 2999
    },
    {
        "bookingid": 4481
    },
    {
        "bookingid": 195
    },
    {
        "bookingid": 680
    },
    {
        "bookingid": 4737
    },
    {
        "bookingid": 2571
    },
    {
        "bookingid": 3907
    },
    {
        "bookingid": 3240
    },
    {
        "bookingid": 1031
    },
    {
        "bookingid": 4772
    },
    {
        "bookingid": 4411
    },
    {
        "bookingid": 5002
    },
    {
        "bookingid": 1346
    },
    {
        "bookingid": 618
    },
    {
        "bookingid": 2608
    },
    {
        "bookingid": 2124
    },
    {
        "bookingid": 3392
    },
    {
        "bookingid": 3885
    },
    {
        "bookingid": 1868
    },
    {
        "bookingid": 1630
    },
    {
        "bookingid": 21
    },
    {
        "bookingid": 4016
    },
    {
        "bookingid": 2754
    },
    {
        "bookingid": 2566
    },
    {
        "bookingid": 2221
    },
    {
        "bookingid": 994
    },
    {
        "bookingid": 1323
    },
    {
        "bookingid": 703
    },
    {
        "bookingid": 4395
    },
    {
        "bookingid": 927
    },
    {
        "bookingid": 2582
    },
    {
        "bookingid": 259
    },
    {
        "bookingid": 2083
    },
    {
        "bookingid": 4818
    },
    {
        "bookingid": 95
    },
    {
        "bookingid": 3525
    },
    {
        "bookingid": 4390
    },
    {
        "bookingid": 960
    },
    {
        "bookingid": 1350
    },
    {
        "bookingid": 65
    },
    {
        "bookingid": 1626
    },
    {
        "bookingid": 4609
    },
    {
        "bookingid": 689
    },
    {
        "bookingid": 2421
    },
    {
        "bookingid": 1473
    },
    {
        "bookingid": 94
    },
    {
        "bookingid": 4647
    },
    {
        "bookingid": 500
    },
    {
        "bookingid": 3984
    },
    {
        "bookingid": 3594
    },
    {
        "bookingid": 1525
    },
    {
        "bookingid": 3644
    },
    {
        "bookingid": 4827
    },
    {
        "bookingid": 735
    },
    {
        "bookingid": 1726
    },
    {
        "bookingid": 1773
    },
    {
        "bookingid": 3419
    },
    {
        "bookingid": 4677
    },
    {
        "bookingid": 2271
    },
    {
        "bookingid": 1739
    },
    {
        "bookingid": 44
[...]
    {
        "bookingid": 1009
    },
    {
        "bookingid": 4909
    },
    {
        "bookingid": 4531
    },
    {
        "bookingid": 1619
    },
    {
        "bookingid": 1187
    },
    {
        "bookingid": 28
    },
    {
        "bookingid": 2870
    },
    {
        "bookingid": 1926
    },
    {
        "bookingid": 2003
    },
    {
        "bookingid": 1060
    },
    {
        "bookingid": 180
    },
    {
        "bookingid": 1436
    },
    {
        "bookingid": 1444
    },
    {
        "bookingid": 4643
    },
    {
        "bookingid": 4617
    },
    {
        "bookingid": 102
    },
    {
        "bookingid": 1401
    },
    {
        "bookingid": 567
    },
    {
        "bookingid": 1222
    },
    {
        "bookingid": 1144
    },
    {
        "bookingid": 4152
    },
    {
        "bookingid": 275
    },
    {
        "bookingid": 2132
    },
    {
        "bookingid": 240
    },
    {
        "bookingid": 3704
    },
    {
        "bookingid": 4536
    },
    {
        "bookingid": 2159
    },
    {
        "bookingid": 3504
    },
    {
        "bookingid": 2231
    },
    {
        "bookingid": 3769
    },
    {
        "bookingid": 1309
    },
    {
        "bookingid": 3275
    },
    {
        "bookingid": 4449
    },
    {
        "bookingid": 3400
    },
    {
        "bookingid": 2636
    },
    {
        "bookingid": 1424
    },
    {
        "bookingid": 2049
    },
    {
        "bookingid": 2141
    },
    {
        "bookingid": 1126
    },
    {
        "bookingid": 1278
    },
    {
        "bookingid": 2178
    },
    {
        "bookingid": 3156
    },
    {
        "bookingid": 3942
    },
    {
        "bookingid": 3206
    },
    {
        "bookingid": 3841
    },
    {
        "bookingid": 2709
    },
    {
        "bookingid": 1731
    },
    {
        "bookingid": 754
    },
    {
        "bookingid": 79
    },
    {
        "bookingid": 4099
    },
    {
        "bookingid": 3888
    },
    {
        "bookingid": 830
    },
    {
        "bookingid": 3613
    },
    {
        "bookingid": 768
    },
    {
        "bookingid": 5023
    },
    {
        "bookingid": 1244
    },
    {
        "bookingid": 3703
    },
    {
        "bookingid": 4523
    },
    {
        "bookingid": 1904
    },
    {
        "bookingid": 3018
    },
    {
        "bookingid": 2427
    },
    {
        "bookingid": 498
    },
    {
        "bookingid": 342
    },
    {
        "bookingid": 4671
    },
    {
        "bookingid": 357
    },
    {
        "bookingid": 1477
    },
    {
        "bookingid": 1081
    },
    {
        "bookingid": 1928
    },
    {
        "bookingid": 1240
    },
    {
        "bookingid": 1341
    },
    {
        "bookingid": 36
    },
    {
        "bookingid": 1010
    },
    {
        "bookingid": 3948
    },
    {
        "bookingid": 2599
    },
    {
        "bookingid": 4839
    },
    {
        "bookingid": 1080
    },
    {
        "bookingid": 2701
    },
    {
        "bookingid": 4725
    },
    {
        "bookingid": 4097
    },
    {
        "bookingid": 2380
    },
    {
        "bookingid": 1530
    },
    {
        "bookingid": 1517
    },
    {
        "bookingid": 557
    },
    {
        "bookingid": 3853
    },
    {
        "bookingid": 2287
    },
    {
        "bookingid": 4356
    },
    {
        "bookingid": 4638
    },
    {
        "bookingid": 1034
    },
    {
        "bookingid": 2887
    },
    {
        "bookingid": 943
    },
    {
        "bookingid": 2512
    },
    {
        "bookingid": 811
    },
    {
        "bookingid": 3859
    },
    {
        "bookingid": 4928
    },
    {
        "bookingid": 2250
    },
    {
        "bookingid": 3927
    },
    {
        "bookingid": 4663
    },
    {
        "bookingid": 131
    },
    {
        "bookingid": 2336
    },
    {
        "bookingid": 3319
    },
    {
        "bookingid": 3509
    },
    {
        "bookingid": 1087
    }
]
  &amp#27;[32mGiven &amp#27;[0m&amp#27;[32muser sends a get request to get all id of booking&amp#27;[0m           &amp#27;[90m# stepDef.D03_userRetrieveAllBookings.user_gets_all_id()&amp#27;[0m
  &amp#27;[32mThen &amp#27;[0m&amp#27;[32mstatus code should be &amp#27;[0m&amp#27;[32m&amp#27;[1m200&amp#27;[0m&amp#27;[32m success&amp#27;[0m                            &amp#27;[90m# stepDef.D03_userRetrieveAllBookings.status_code_should_be_success(java.lang.Integer)&amp#27;[0m
]]></system-out>
  </testcase>
  <testcase name="runScenario[&quot;F04 |  User sends a post request to /auth&quot;, &quot;generating auth token&quot;](13)" classname="testrunner.runners" time="0.007">
    <system-out><![CDATA[
@api
Scenario: F04 |  User sends a post request to /auth                                                     &amp#27;[90m# src/main/resources/features/F04_userCanCreateAuthToken.feature:4&amp#27;[0m
Request method:	POST
Request URI:	http://restful-booker.herokuapp.com/auth
Proxy:			<none>
Request params:	<none>
Query params:	<none>
Form params:	<none>
Path params:	<none>
Headers:		Accept=*/*
				Content-Type=application/json
Cookies:		<none>
Multiparts:		<none>
Body:
{
    "password": "password123",
    "username": "admin"
}
HTTP/1.1 200 OK
Server: Cowboy
Connection: keep-alive
X-Powered-By: Express
Content-Type: application/json; charset=utf-8
Content-Length: 27
Etag: W/"1b-JoUonMr+V/zThlOLKD8CIzB1kcQ"
Date: Wed, 01 Feb 2023 22:16:09 GMT
Via: 1.1 vegur

{
    "token": "04d86cc2e2b22b8"
}
  &amp#27;[32mGiven &amp#27;[0m&amp#27;[32muser sends a post request to get auth with username : &amp#27;[0m&amp#27;[32m&amp#27;[1m"admin"&amp#27;[0m&amp#27;[32m and password: &amp#27;[0m&amp#27;[32m&amp#27;[1m"password123"&amp#27;[0m&amp#27;[32m token&amp#27;[0m &amp#27;[90m# stepDef.D04_userCanCreateAuthToken.user_sends_a_post_request_to_get_auth_with_username_and_password_token(java.lang.String,java.lang.String)&amp#27;[0m
  &amp#27;[32mThen &amp#27;[0m&amp#27;[32mauth token should be returned&amp#27;[0m                                                                    &amp#27;[90m# stepDef.D04_userCanCreateAuthToken.auth_token_should_be_returned()&amp#27;[0m
]]></system-out>
  </testcase>
  <testcase name="runScenario[&quot;F05 |  User sends a put request to booking/id&quot;, &quot;user can update booking with auth token&quot;](14)" classname="testrunner.runners" time="0.299">
    <system-out><![CDATA[
@api
Scenario Outline: F05 |  User sends a put request to booking/id                                                                                                                                                 &amp#27;[90m# src/main/resources/features/F05_updateBooking.feature:9&amp#27;[0m
Request method:	POST
Request URI:	http://restful-booker.herokuapp.com/auth
Proxy:			<none>
Request params:	<none>
Query params:	<none>
Form params:	<none>
Path params:	<none>
Headers:		Accept=*/*
				Content-Type=application/json
Cookies:		<none>
Multiparts:		<none>
Body:
{
    "password": "password123",
    "username": "admin"
}
HTTP/1.1 200 OK
Server: Cowboy
Connection: keep-alive
X-Powered-By: Express
Content-Type: application/json; charset=utf-8
Content-Length: 27
Etag: W/"1b-jqDhJQRiKvdDGE5jjPAPRP+C+JQ"
Date: Wed, 01 Feb 2023 22:16:10 GMT
Via: 1.1 vegur

{
    "token": "62741471ba0941b"
}
Request method:	PUT
Request URI:	http://restful-booker.herokuapp.com/booking/4211
Proxy:			<none>
Request params:	<none>
Query params:	<none>
Form params:	<none>
Path params:	<none>
Headers:		Accept=application/json
				Cookie=token=62741471ba0941b
				Content-Type=application/json
Cookies:		<none>
Multiparts:		<none>
Body:
{
    "firstname": "Mohammed",
    "additionalneeds": "Dinner",
    "bookingdates": {
        "checkin": "2020-01-01",
        "checkout": "2020-02-02"
    },
    "totalprice": "500",
    "depositpaid": true,
    "lastname": "Tarik"
}
HTTP/1.1 200 OK
Server: Cowboy
Connection: keep-alive
X-Powered-By: Express
Content-Type: application/json; charset=utf-8
Content-Length: 170
Etag: W/"aa-0oyvJgyypoPl8mmJggoHCGYLoOs"
Date: Wed, 01 Feb 2023 22:16:10 GMT
Via: 1.1 vegur

{
    "firstname": "Mohammed",
    "lastname": "Tarik",
    "totalprice": 500,
    "depositpaid": true,
    "bookingdates": {
        "checkin": "2020-01-01",
        "checkout": "2020-02-02"
    },
    "additionalneeds": "Dinner"
}
  &amp#27;[32mGiven &amp#27;[0m&amp#27;[32muser sends a put request to id : &amp#27;[0m&amp#27;[32m&amp#27;[1m"4211"&amp#27;[0m&amp#27;[32m with firstname: &amp#27;[0m&amp#27;[32m&amp#27;[1m"Mohammed"&amp#27;[0m&amp#27;[32m, last name &amp#27;[0m&amp#27;[32m&amp#27;[1m"Tarik"&amp#27;[0m&amp#27;[32m, total price &amp#27;[0m&amp#27;[32m&amp#27;[1m"500"&amp#27;[0m&amp#27;[32m, deposit paid &amp#27;[0m&amp#27;[32m&amp#27;[1m"true"&amp#27;[0m&amp#27;[32m, check-in &amp#27;[0m&amp#27;[32m&amp#27;[1m"2020-01-01"&amp#27;[0m&amp#27;[32m, check-out &amp#27;[0m&amp#27;[32m&amp#27;[1m"2020-02-02"&amp#27;[0m&amp#27;[32m, additional needs &amp#27;[0m&amp#27;[32m&amp#27;[1m"Dinner"&amp#27;[0m &amp#27;[90m# stepDef.D05_updateBooking.user_sends_a_put_request_to_id_with_firstname_last_name_total_price_deposit_paid_check_in_check_out_additional_needs(java.lang.String,java.lang.String,java.lang.String,java.lang.String,java.lang.String,java.lang.String,java.lang.String,java.lang.String)&amp#27;[0m
Request method:	GET
Request URI:	http://restful-booker.herokuapp.com/booking/4211
Proxy:			<none>
Request params:	<none>
Query params:	<none>
Form params:	<none>
Path params:	<none>
Headers:		Accept=*/*
Cookies:		<none>
Multiparts:		<none>
Body:			<none>
HTTP/1.1 200 OK
Server: Cowboy
Connection: keep-alive
X-Powered-By: Express
Content-Type: application/json; charset=utf-8
Content-Length: 170
Etag: W/"aa-0oyvJgyypoPl8mmJggoHCGYLoOs"
Date: Wed, 01 Feb 2023 22:16:11 GMT
Via: 1.1 vegur

{
    "firstname": "Mohammed",
    "lastname": "Tarik",
    "totalprice": 500,
    "depositpaid": true,
    "bookingdates": {
        "checkin": "2020-01-01",
        "checkout": "2020-02-02"
    },
    "additionalneeds": "Dinner"
}
  &amp#27;[32mThen &amp#27;[0m&amp#27;[32mBooking with the given id is updated to match fn &amp#27;[0m&amp#27;[32m&amp#27;[1m"Mohammed"&amp#27;[0m&amp#27;[32m ln &amp#27;[0m&amp#27;[32m&amp#27;[1m"Tarik"&amp#27;[0m&amp#27;[32m &amp#27;[0m&amp#27;[32m&amp#27;[1m"500"&amp#27;[0m&amp#27;[32m &amp#27;[0m&amp#27;[32m&amp#27;[1m"true"&amp#27;[0m&amp#27;[32m &amp#27;[0m&amp#27;[32m&amp#27;[1m"2020-01-01"&amp#27;[0m&amp#27;[32m &amp#27;[0m&amp#27;[32m&amp#27;[1m"2020-02-02"&amp#27;[0m&amp#27;[32m &amp#27;[0m&amp#27;[32m&amp#27;[1m"Dinner"&amp#27;[0m                                                                                   &amp#27;[90m# stepDef.D05_updateBooking.booking_with_the_given_id_is_updated_to_match_fn_ln(java.lang.String,java.lang.String,java.lang.String,java.lang.String,java.lang.String,java.lang.String,java.lang.String)&amp#27;[0m
]]></system-out>
  </testcase>
  <testcase name="runScenario[&quot;F06 |  User sends a delete request to booking/id&quot;, &quot;user can delete booking with auth token&quot;](15)" classname="testrunner.runners" time="1.368">
    <system-out><![CDATA[
@api
Scenario: F06 |  User sends a delete request to booking/id                                                                                                                            &amp#27;[90m# src/main/resources/features/F06_deleteBooking.feature:4&amp#27;[0m
Request method:	POST
Request URI:	http://restful-booker.herokuapp.com/booking
Proxy:			<none>
Request params:	<none>
Query params:	<none>
Form params:	<none>
Path params:	<none>
Headers:		Accept=*/*
				Content-Type=application/json
Cookies:		<none>
Multiparts:		<none>
Body:
{
    "firstname": "John",
    "additionalneeds": "Breakfast",
    "bookingdates": {
        "checkin": "2020-01-01",
        "checkout": "<2020-02-02>"
    },
    "totalprice": "200",
    "depositpaid": true,
    "lastname": "Does"
}
HTTP/1.1 200 OK
Server: Cowboy
Connection: keep-alive
X-Powered-By: Express
Content-Type: application/json; charset=utf-8
Content-Length: 197
Etag: W/"c5-DYODKD6sdnreEQLQPGgBmKNdJsA"
Date: Wed, 01 Feb 2023 22:16:11 GMT
Via: 1.1 vegur

{
    "bookingid": 5072,
    "booking": {
        "firstname": "John",
        "lastname": "Does",
        "totalprice": 200,
        "depositpaid": true,
        "bookingdates": {
            "checkin": "2020-01-01",
            "checkout": "2020-02-02"
        },
        "additionalneeds": "Breakfast"
    }
}
  &amp#27;[32mGiven &amp#27;[0m&amp#27;[32mI create  booking with first name &amp#27;[0m&amp#27;[32m&amp#27;[1m"John"&amp#27;[0m&amp#27;[32m, last name &amp#27;[0m&amp#27;[32m&amp#27;[1m"Does"&amp#27;[0m&amp#27;[32m, total price &amp#27;[0m&amp#27;[32m&amp#27;[1m"200"&amp#27;[0m&amp#27;[32m, deposit paid &amp#27;[0m&amp#27;[32m&amp#27;[1m"true"&amp#27;[0m&amp#27;[32m, check-in &amp#27;[0m&amp#27;[32m&amp#27;[1m"2020-01-01"&amp#27;[0m&amp#27;[32m, check-out &amp#27;[0m&amp#27;[32m&amp#27;[1m"<2020-02-02>"&amp#27;[0m&amp#27;[32m, &amp#27;[0m&amp#27;[32m&amp#27;[1m"Breakfast"&amp#27;[0m&amp#27;[32m successfully&amp#27;[0m &amp#27;[90m# stepDef.D06_DeleteClass.iCreateBookingWithFirstNameLastNameTotalPriceDepositPaidCheckInCheckOutSuccessfully(java.lang.String,java.lang.String,java.lang.String,java.lang.String,java.lang.String,java.lang.String,java.lang.String)&amp#27;[0m
Request method:	POST
Request URI:	http://restful-booker.herokuapp.com/auth
Proxy:			<none>
Request params:	<none>
Query params:	<none>
Form params:	<none>
Path params:	<none>
Headers:		Accept=*/*
				Content-Type=application/json
Cookies:		<none>
Multiparts:		<none>
Body:
{
    "password": "password123",
    "username": "admin"
}
HTTP/1.1 200 OK
Server: Cowboy
Connection: keep-alive
X-Powered-By: Express
Content-Type: application/json; charset=utf-8
Content-Length: 27
Etag: W/"1b-3ZJbobQdBG52MnbPIdRt8jx5RM4"
Date: Wed, 01 Feb 2023 22:16:11 GMT
Via: 1.1 vegur

{
    "token": "4b49d9638ef70f9"
}
Request method:	DELETE
Request URI:	http://restful-booker.herokuapp.com/booking/5072
Proxy:			<none>
Request params:	<none>
Query params:	<none>
Form params:	<none>
Path params:	<none>
Headers:		Cookie=token=4b49d9638ef70f9
				Accept=*/*
Cookies:		<none>
Multiparts:		<none>
Body:			<none>
HTTP/1.1 201 Created
Server: Cowboy
Connection: keep-alive
X-Powered-By: Express
Content-Type: text/plain; charset=utf-8
Content-Length: 7
Etag: W/"7-rM9AyJuqT6iOan/xHh+AW+7K/T8"
Date: Wed, 01 Feb 2023 22:16:12 GMT
Via: 1.1 vegur

Created
  &amp#27;[32mAnd &amp#27;[0m&amp#27;[32muser enters auth token and sends a delete request to created id&amp#27;[0m                                                                                                                 &amp#27;[90m# stepDef.D06_DeleteClass.user_enters_auth_token_and_sends_a_delete_request_to_id()&amp#27;[0m
Request method:	GET
Request URI:	http://restful-booker.herokuapp.com/booking/5072
Proxy:			<none>
Request params:	<none>
Query params:	<none>
Form params:	<none>
Path params:	<none>
Headers:		Accept=*/*
Cookies:		<none>
Multiparts:		<none>
Body:			<none>
HTTP/1.1 404 Not Found
Server: Cowboy
Connection: keep-alive
X-Powered-By: Express
Content-Type: text/plain; charset=utf-8
Content-Length: 9
Etag: W/"9-0gXL1ngzMqISxa6S1zx3F4wtLyg"
Date: Wed, 01 Feb 2023 22:16:12 GMT
Via: 1.1 vegur

Not Found
  &amp#27;[32mThen &amp#27;[0m&amp#27;[32mresponse to id inquiry should show not found&amp#27;[0m                                                                                                                                   &amp#27;[90m# stepDef.D06_DeleteClass.response_to_id_inquiry_should_show()&amp#27;[0m
]]></system-out>
  </testcase>
  <testcase name="runScenario[&quot;F07 |  User sends a put request to booking/id with invalid auth token&quot;, &quot;user shouldnt be able to  update booking with invalid auth&quot;](16)" classname="testrunner.runners" time="0.321">
    <system-out><![CDATA[
@api
Scenario: F07 |  User sends a put request to booking/id with invalid auth token                                                                                                                                                   &amp#27;[90m# src/main/resources/features/F07_userUpdateBookingWithoutToken.feature:4&amp#27;[0m
Request method:	PUT
Request URI:	http://restful-booker.herokuapp.com/booking/4211
Proxy:			<none>
Request params:	<none>
Query params:	<none>
Form params:	<none>
Path params:	<none>
Headers:		Accept=application/json
				Cookie=token=invalidToken
				Content-Type=application/json
Cookies:		<none>
Multiparts:		<none>
Body:
{
    "firstname": "Mohammed",
    "additionalneeds": "Dinner",
    "bookingdates": {
        "checkin": "2020-01-01",
        "checkout": "2020-02-02"
    },
    "totalprice": "500",
    "depositpaid": true,
    "lastname": "Tarik"
}
HTTP/1.1 403 Forbidden
Server: Cowboy
Connection: keep-alive
X-Powered-By: Express
Content-Type: text/plain; charset=utf-8
Content-Length: 9
Etag: W/"9-PatfYBLj4Um1qTm5zrukoLhNyPU"
Date: Wed, 01 Feb 2023 22:16:12 GMT
Via: 1.1 vegur

Forbidden
  &amp#27;[32mGiven &amp#27;[0m&amp#27;[32muser sends a put request with invalid auth to id : &amp#27;[0m&amp#27;[32m&amp#27;[1m"4211"&amp#27;[0m&amp#27;[32m with firstname: &amp#27;[0m&amp#27;[32m&amp#27;[1m"Mohammed"&amp#27;[0m&amp#27;[32m, last name &amp#27;[0m&amp#27;[32m&amp#27;[1m"Tarik"&amp#27;[0m&amp#27;[32m, total price &amp#27;[0m&amp#27;[32m&amp#27;[1m"500"&amp#27;[0m&amp#27;[32m, deposit paid &amp#27;[0m&amp#27;[32m&amp#27;[1m"true"&amp#27;[0m&amp#27;[32m, check-in &amp#27;[0m&amp#27;[32m&amp#27;[1m"2020-01-01"&amp#27;[0m&amp#27;[32m, check-out &amp#27;[0m&amp#27;[32m&amp#27;[1m"2020-02-02"&amp#27;[0m&amp#27;[32m, additional needs &amp#27;[0m&amp#27;[32m&amp#27;[1m"Dinner"&amp#27;[0m &amp#27;[90m# stepDef.D07_userUpdateOrDeleteWithoutToken.user_sends_a_put_request_with_invalid_auth_to_id_with_firstname_last_name_total_price_deposit_paid_check_in_check_out_additional_needs(java.lang.String,java.lang.String,java.lang.String,java.lang.String,java.lang.String,java.lang.String,java.lang.String,java.lang.String)&amp#27;[0m
  &amp#27;[32mThen &amp#27;[0m&amp#27;[32mresponse should fail&amp#27;[0m                                                                                                                                                                                                       &amp#27;[90m# stepDef.D07_userUpdateOrDeleteWithoutToken.response_should_fail()&amp#27;[0m
]]></system-out>
  </testcase>
  <testcase name="runScenario[&quot;F07 |  User sends a delete request to booking/id with invalid auth token&quot;, &quot;user shouldnt be able to  update booking with invalid auth&quot;](17)" classname="testrunner.runners" time="0.291">
    <system-out><![CDATA[
@api
Scenario: F07 |  User sends a delete request to booking/id with invalid auth token &amp#27;[90m# src/main/resources/features/F07_userUpdateBookingWithoutToken.feature:8&amp#27;[0m
Request method:	DELETE
Request URI:	http://restful-booker.herokuapp.com/booking/4211
Proxy:			<none>
Request params:	<none>
Query params:	<none>
Form params:	<none>
Path params:	<none>
Headers:		Cookie=token=invalidToken
				Accept=*/*
Cookies:		<none>
Multiparts:		<none>
Body:			<none>
HTTP/1.1 403 Forbidden
Server: Cowboy
Connection: keep-alive
X-Powered-By: Express
Content-Type: text/plain; charset=utf-8
Content-Length: 9
Etag: W/"9-PatfYBLj4Um1qTm5zrukoLhNyPU"
Date: Wed, 01 Feb 2023 22:16:13 GMT
Via: 1.1 vegur

Forbidden
  &amp#27;[32mGiven &amp#27;[0m&amp#27;[32muser sends a delete request to id &amp#27;[0m&amp#27;[32m&amp#27;[1m4211&amp#27;[0m                                     &amp#27;[90m# stepDef.D07_userUpdateOrDeleteWithoutToken.user_sends_a_delete_request_to_id(java.lang.Integer)&amp#27;[0m
  &amp#27;[32mThen &amp#27;[0m&amp#27;[32mresponse should fail&amp#27;[0m                                                        &amp#27;[90m# stepDef.D07_userUpdateOrDeleteWithoutToken.response_should_fail()&amp#27;[0m
]]></system-out>
  </testcase>
</testsuite>